<?xml version="1.0" encoding="UTF-8"?>
<coverage generated="1541111826246" clover="3.2.0">
  <project timestamp="1541111826247" name="All files">
    <metrics statements="375" coveredstatements="299" conditionals="88" coveredconditionals="58" methods="75" coveredmethods="43" elements="538" coveredelements="400" complexity="0" loc="375" ncloc="375" packages="6" files="17" classes="17">
      <package name="app">
        <metrics statements="36" coveredstatements="31" conditionals="4" coveredconditionals="0" methods="2" coveredmethods="0"/>
        <file name="app.js" path="/Users/naeim/Documents/GitHub/fashionxproject/app/app.js">
          <metrics statements="36" coveredstatements="31" conditionals="4" coveredconditionals="0" methods="2" coveredmethods="0"/>
          <line num="2" count="1" type="stmt"/>
          <line num="3" count="1" type="stmt"/>
          <line num="4" count="1" type="stmt"/>
          <line num="5" count="1" type="stmt"/>
          <line num="6" count="1" type="stmt"/>
          <line num="7" count="1" type="stmt"/>
          <line num="10" count="1" type="stmt"/>
          <line num="13" count="1" type="stmt"/>
          <line num="14" count="1" type="stmt"/>
          <line num="15" count="1" type="stmt"/>
          <line num="16" count="1" type="stmt"/>
          <line num="19" count="1" type="stmt"/>
          <line num="22" count="1" type="stmt"/>
          <line num="25" count="1" type="stmt"/>
          <line num="26" count="1" type="stmt"/>
          <line num="29" count="1" type="stmt"/>
          <line num="30" count="1" type="stmt"/>
          <line num="31" count="1" type="stmt"/>
          <line num="32" count="1" type="stmt"/>
          <line num="33" count="1" type="stmt"/>
          <line num="36" count="1" type="stmt"/>
          <line num="43" count="1" type="stmt"/>
          <line num="44" count="1" type="stmt"/>
          <line num="47" count="1" type="stmt"/>
          <line num="50" count="1" type="stmt"/>
          <line num="51" count="1" type="stmt"/>
          <line num="52" count="1" type="stmt"/>
          <line num="53" count="1" type="stmt"/>
          <line num="56" count="1" type="stmt"/>
          <line num="57" count="0" type="stmt"/>
          <line num="61" count="1" type="stmt"/>
          <line num="63" count="0" type="stmt"/>
          <line num="64" count="0" type="cond" truecount="0" falsecount="2"/>
          <line num="67" count="0" type="cond" truecount="0" falsecount="2"/>
          <line num="68" count="0" type="stmt"/>
          <line num="71" count="1" type="stmt"/>
        </file>
      </package>
      <package name="app.config">
        <metrics statements="5" coveredstatements="5" conditionals="0" coveredconditionals="0" methods="0" coveredmethods="0"/>
        <file name="config.js" path="/Users/naeim/Documents/GitHub/fashionxproject/app/config/config.js">
          <metrics statements="5" coveredstatements="5" conditionals="0" coveredconditionals="0" methods="0" coveredmethods="0"/>
          <line num="1" count="5" type="stmt"/>
          <line num="3" count="5" type="stmt"/>
          <line num="4" count="5" type="stmt"/>
          <line num="6" count="5" type="stmt"/>
          <line num="8" count="5" type="stmt"/>
        </file>
      </package>
      <package name="app.controllers">
        <metrics statements="143" coveredstatements="131" conditionals="62" coveredconditionals="58" methods="31" coveredmethods="23"/>
        <file name="authenticate-controller.js" path="/Users/naeim/Documents/GitHub/fashionxproject/app/controllers/authenticate-controller.js">
          <metrics statements="6" coveredstatements="6" conditionals="0" coveredconditionals="0" methods="0" coveredmethods="0"/>
          <line num="1" count="1" type="stmt"/>
          <line num="2" count="1" type="stmt"/>
          <line num="3" count="1" type="stmt"/>
          <line num="5" count="1" type="stmt"/>
          <line num="7" count="1" type="stmt"/>
          <line num="58" count="1" type="stmt"/>
        </file>
        <file name="credentials-controller.js" path="/Users/naeim/Documents/GitHub/fashionxproject/app/controllers/credentials-controller.js">
          <metrics statements="19" coveredstatements="18" conditionals="0" coveredconditionals="0" methods="8" coveredmethods="7"/>
          <line num="2" count="3" type="stmt"/>
          <line num="4" count="3" type="stmt"/>
          <line num="11" count="3" type="stmt"/>
          <line num="12" count="3" type="stmt"/>
          <line num="19" count="3" type="stmt"/>
          <line num="20" count="2" type="stmt"/>
          <line num="27" count="3" type="stmt"/>
          <line num="28" count="1" type="stmt"/>
          <line num="35" count="3" type="stmt"/>
          <line num="36" count="4" type="stmt"/>
          <line num="43" count="3" type="stmt"/>
          <line num="44" count="3" type="stmt"/>
          <line num="53" count="3" type="stmt"/>
          <line num="54" count="1" type="stmt"/>
          <line num="62" count="3" type="stmt"/>
          <line num="63" count="1" type="stmt"/>
          <line num="69" count="3" type="stmt"/>
          <line num="70" count="0" type="stmt"/>
          <line num="73" count="3" type="stmt"/>
        </file>
        <file name="post-controller.js" path="/Users/naeim/Documents/GitHub/fashionxproject/app/controllers/post-controller.js">
          <metrics statements="15" coveredstatements="10" conditionals="0" coveredconditionals="0" methods="6" coveredmethods="1"/>
          <line num="2" count="1" type="stmt"/>
          <line num="4" count="1" type="stmt"/>
          <line num="9" count="1" type="stmt"/>
          <line num="16" count="0" type="stmt"/>
          <line num="29" count="1" type="stmt"/>
          <line num="30" count="2" type="stmt"/>
          <line num="37" count="1" type="stmt"/>
          <line num="38" count="0" type="stmt"/>
          <line num="45" count="1" type="stmt"/>
          <line num="46" count="0" type="stmt"/>
          <line num="53" count="1" type="stmt"/>
          <line num="60" count="0" type="stmt"/>
          <line num="69" count="1" type="stmt"/>
          <line num="76" count="0" type="stmt"/>
          <line num="85" count="1" type="stmt"/>
        </file>
        <file name="profile-controller.js" path="/Users/naeim/Documents/GitHub/fashionxproject/app/controllers/profile-controller.js">
          <metrics statements="18" coveredstatements="18" conditionals="0" coveredconditionals="0" methods="7" coveredmethods="7"/>
          <line num="2" count="3" type="stmt"/>
          <line num="4" count="3" type="stmt"/>
          <line num="9" count="3" type="stmt"/>
          <line num="26" count="10" type="stmt"/>
          <line num="39" count="3" type="stmt"/>
          <line num="40" count="4" type="stmt"/>
          <line num="47" count="3" type="stmt"/>
          <line num="48" count="84" type="stmt"/>
          <line num="49" count="84" type="stmt"/>
          <line num="56" count="3" type="stmt"/>
          <line num="57" count="1" type="stmt"/>
          <line num="64" count="3" type="stmt"/>
          <line num="65" count="1" type="stmt"/>
          <line num="72" count="3" type="stmt"/>
          <line num="90" count="2" type="stmt"/>
          <line num="110" count="3" type="stmt"/>
          <line num="127" count="1" type="stmt"/>
          <line num="146" count="3" type="stmt"/>
        </file>
        <file name="rights-controller.js" path="/Users/naeim/Documents/GitHub/fashionxproject/app/controllers/rights-controller.js">
          <metrics statements="17" coveredstatements="16" conditionals="0" coveredconditionals="0" methods="7" coveredmethods="6"/>
          <line num="2" count="1" type="stmt"/>
          <line num="4" count="1" type="stmt"/>
          <line num="11" count="1" type="stmt"/>
          <line num="12" count="2" type="stmt"/>
          <line num="19" count="1" type="stmt"/>
          <line num="20" count="3" type="stmt"/>
          <line num="27" count="1" type="stmt"/>
          <line num="28" count="2" type="stmt"/>
          <line num="35" count="1" type="stmt"/>
          <line num="36" count="1" type="stmt"/>
          <line num="43" count="1" type="stmt"/>
          <line num="44" count="0" type="stmt"/>
          <line num="53" count="1" type="stmt"/>
          <line num="54" count="1" type="stmt"/>
          <line num="62" count="1" type="stmt"/>
          <line num="63" count="1" type="stmt"/>
          <line num="66" count="1" type="stmt"/>
        </file>
        <file name="signup-controller.js" path="/Users/naeim/Documents/GitHub/fashionxproject/app/controllers/signup-controller.js">
          <metrics statements="68" coveredstatements="63" conditionals="62" coveredconditionals="58" methods="3" coveredmethods="2"/>
          <line num="3" count="2" type="stmt"/>
          <line num="5" count="2" type="stmt"/>
          <line num="6" count="2" type="stmt"/>
          <line num="7" count="2" type="stmt"/>
          <line num="9" count="2" type="stmt"/>
          <line num="15" count="2" type="stmt"/>
          <line num="16" count="82" type="stmt"/>
          <line num="19" count="82" type="cond" truecount="1" falsecount="1"/>
          <line num="20" count="82" type="cond" truecount="1" falsecount="1"/>
          <line num="21" count="0" type="stmt"/>
          <line num="24" count="82" type="stmt"/>
          <line num="26" count="82" type="stmt"/>
          <line num="27" count="82" type="cond" truecount="4" falsecount="0"/>
          <line num="28" count="7" type="stmt"/>
          <line num="32" count="82" type="cond" truecount="2" falsecount="0"/>
          <line num="33" count="9" type="stmt"/>
          <line num="37" count="82" type="cond" truecount="2" falsecount="0"/>
          <line num="38" count="2" type="stmt"/>
          <line num="42" count="82" type="cond" truecount="2" falsecount="0"/>
          <line num="43" count="81" type="cond" truecount="2" falsecount="0"/>
          <line num="44" count="4" type="stmt"/>
          <line num="47" count="1" type="stmt"/>
          <line num="51" count="82" type="cond" truecount="1" falsecount="1"/>
          <line num="52" count="82" type="cond" truecount="2" falsecount="0"/>
          <line num="53" count="3" type="stmt"/>
          <line num="58" count="82" type="cond" truecount="2" falsecount="0"/>
          <line num="59" count="81" type="cond" truecount="2" falsecount="0"/>
          <line num="60" count="2" type="stmt"/>
          <line num="63" count="1" type="stmt"/>
          <line num="67" count="82" type="cond" truecount="2" falsecount="0"/>
          <line num="68" count="81" type="cond" truecount="4" falsecount="0"/>
          <line num="69" count="3" type="stmt"/>
          <line num="72" count="1" type="stmt"/>
          <line num="76" count="82" type="cond" truecount="2" falsecount="0"/>
          <line num="77" count="81" type="cond" truecount="2" falsecount="0"/>
          <line num="78" count="2" type="stmt"/>
          <line num="81" count="1" type="stmt"/>
          <line num="85" count="82" type="stmt"/>
          <line num="86" count="82" type="cond" truecount="4" falsecount="0"/>
          <line num="87" count="4" type="stmt"/>
          <line num="91" count="82" type="stmt"/>
          <line num="92" count="82" type="cond" truecount="4" falsecount="0"/>
          <line num="93" count="4" type="stmt"/>
          <line num="97" count="82" type="cond" truecount="2" falsecount="0"/>
          <line num="98" count="81" type="cond" truecount="2" falsecount="0"/>
          <line num="99" count="2" type="stmt"/>
          <line num="102" count="1" type="stmt"/>
          <line num="106" count="82" type="cond" truecount="2" falsecount="0"/>
          <line num="107" count="81" type="cond" truecount="2" falsecount="0"/>
          <line num="108" count="2" type="stmt"/>
          <line num="111" count="1" type="stmt"/>
          <line num="115" count="82" type="stmt"/>
          <line num="116" count="82" type="cond" truecount="4" falsecount="0"/>
          <line num="117" count="3" type="stmt"/>
          <line num="121" count="82" type="stmt"/>
          <line num="122" count="82" type="cond" truecount="4" falsecount="0"/>
          <line num="123" count="3" type="stmt"/>
          <line num="127" count="82" type="cond" truecount="1" falsecount="1"/>
          <line num="128" count="82" type="cond" truecount="2" falsecount="0"/>
          <line num="129" count="1" type="stmt"/>
          <line num="132" count="0" type="stmt"/>
          <line num="134" count="82" type="stmt"/>
          <line num="136" count="82" type="stmt"/>
          <line num="144" count="2" type="stmt"/>
          <line num="145" count="0" type="stmt"/>
          <line num="163" count="0" type="stmt"/>
          <line num="164" count="0" type="stmt"/>
          <line num="167" count="2" type="stmt"/>
        </file>
      </package>
      <package name="app.models">
        <metrics statements="113" coveredstatements="95" conditionals="2" coveredconditionals="0" methods="26" coveredmethods="19"/>
        <file name="Credentials.js" path="/Users/naeim/Documents/GitHub/fashionxproject/app/models/Credentials.js">
          <metrics statements="38" coveredstatements="33" conditionals="2" coveredconditionals="0" methods="8" coveredmethods="7"/>
          <line num="2" count="3" type="stmt"/>
          <line num="3" count="3" type="stmt"/>
          <line num="4" count="3" type="stmt"/>
          <line num="6" count="3" type="stmt"/>
          <line num="9" count="3" type="stmt"/>
          <line num="27" count="3" type="stmt"/>
          <line num="28" count="3" type="stmt"/>
          <line num="29" count="3" type="stmt"/>
          <line num="33" count="3" type="stmt"/>
          <line num="34" count="3" type="stmt"/>
          <line num="41" count="3" type="stmt"/>
          <line num="42" count="4" type="stmt"/>
          <line num="43" count="4" type="stmt"/>
          <line num="50" count="3" type="stmt"/>
          <line num="51" count="3" type="stmt"/>
          <line num="52" count="3" type="stmt"/>
          <line num="59" count="3" type="stmt"/>
          <line num="60" count="2" type="stmt"/>
          <line num="61" count="2" type="stmt"/>
          <line num="68" count="3" type="stmt"/>
          <line num="69" count="1" type="stmt"/>
          <line num="70" count="1" type="stmt"/>
          <line num="79" count="3" type="stmt"/>
          <line num="80" count="1" type="stmt"/>
          <line num="81" count="1" type="stmt"/>
          <line num="85" count="1" type="stmt"/>
          <line num="93" count="3" type="stmt"/>
          <line num="94" count="1" type="stmt"/>
          <line num="95" count="1" type="stmt"/>
          <line num="99" count="1" type="stmt"/>
          <line num="106" count="3" type="stmt"/>
          <line num="107" count="0" type="stmt"/>
          <line num="108" count="0" type="cond" truecount="0" falsecount="2"/>
          <line num="109" count="0" type="stmt"/>
          <line num="110" count="0" type="stmt"/>
          <line num="112" count="0" type="stmt"/>
          <line num="118" count="3" type="stmt"/>
          <line num="120" count="3" type="stmt"/>
        </file>
        <file name="Post.js" path="/Users/naeim/Documents/GitHub/fashionxproject/app/models/Post.js">
          <metrics statements="22" coveredstatements="13" conditionals="0" coveredconditionals="0" methods="5" coveredmethods="1"/>
          <line num="2" count="1" type="stmt"/>
          <line num="3" count="1" type="stmt"/>
          <line num="5" count="1" type="stmt"/>
          <line num="8" count="1" type="stmt"/>
          <line num="41" count="1" type="stmt"/>
          <line num="47" count="0" type="stmt"/>
          <line num="54" count="0" type="stmt"/>
          <line num="55" count="0" type="stmt"/>
          <line num="62" count="1" type="stmt"/>
          <line num="63" count="2" type="stmt"/>
          <line num="64" count="2" type="stmt"/>
          <line num="71" count="1" type="stmt"/>
          <line num="72" count="0" type="stmt"/>
          <line num="73" count="0" type="stmt"/>
          <line num="80" count="1" type="stmt"/>
          <line num="81" count="0" type="stmt"/>
          <line num="82" count="0" type="stmt"/>
          <line num="89" count="1" type="stmt"/>
          <line num="96" count="0" type="stmt"/>
          <line num="103" count="0" type="stmt"/>
          <line num="107" count="1" type="stmt"/>
          <line num="109" count="1" type="stmt"/>
        </file>
        <file name="Profile.js" path="/Users/naeim/Documents/GitHub/fashionxproject/app/models/Profile.js">
          <metrics statements="25" coveredstatements="23" conditionals="0" coveredconditionals="0" methods="6" coveredmethods="5"/>
          <line num="2" count="3" type="stmt"/>
          <line num="3" count="3" type="stmt"/>
          <line num="5" count="3" type="stmt"/>
          <line num="8" count="3" type="stmt"/>
          <line num="102" count="3" type="stmt"/>
          <line num="119" count="10" type="stmt"/>
          <line num="136" count="10" type="stmt"/>
          <line num="137" count="2" type="stmt"/>
          <line num="144" count="3" type="stmt"/>
          <line num="145" count="4" type="stmt"/>
          <line num="146" count="4" type="stmt"/>
          <line num="149" count="3" type="stmt"/>
          <line num="150" count="0" type="stmt"/>
          <line num="151" count="0" type="stmt"/>
          <line num="158" count="3" type="stmt"/>
          <line num="159" count="1" type="stmt"/>
          <line num="160" count="1" type="stmt"/>
          <line num="167" count="3" type="stmt"/>
          <line num="185" count="2" type="stmt"/>
          <line num="202" count="2" type="stmt"/>
          <line num="205" count="3" type="stmt"/>
          <line num="222" count="1" type="stmt"/>
          <line num="239" count="1" type="stmt"/>
          <line num="243" count="3" type="stmt"/>
          <line num="245" count="3" type="stmt"/>
        </file>
        <file name="Rights.js" path="/Users/naeim/Documents/GitHub/fashionxproject/app/models/Rights.js">
          <metrics statements="28" coveredstatements="26" conditionals="0" coveredconditionals="0" methods="7" coveredmethods="6"/>
          <line num="2" count="1" type="stmt"/>
          <line num="3" count="1" type="stmt"/>
          <line num="5" count="1" type="stmt"/>
          <line num="8" count="1" type="stmt"/>
          <line num="24" count="1" type="stmt"/>
          <line num="25" count="2" type="stmt"/>
          <line num="29" count="2" type="stmt"/>
          <line num="30" count="2" type="stmt"/>
          <line num="37" count="1" type="stmt"/>
          <line num="38" count="3" type="stmt"/>
          <line num="39" count="3" type="stmt"/>
          <line num="46" count="1" type="stmt"/>
          <line num="47" count="2" type="stmt"/>
          <line num="48" count="2" type="stmt"/>
          <line num="55" count="1" type="stmt"/>
          <line num="56" count="1" type="stmt"/>
          <line num="57" count="1" type="stmt"/>
          <line num="64" count="1" type="stmt"/>
          <line num="65" count="0" type="stmt"/>
          <line num="66" count="0" type="stmt"/>
          <line num="75" count="1" type="stmt"/>
          <line num="76" count="1" type="stmt"/>
          <line num="80" count="1" type="stmt"/>
          <line num="88" count="1" type="stmt"/>
          <line num="89" count="1" type="stmt"/>
          <line num="93" count="1" type="stmt"/>
          <line num="96" count="1" type="stmt"/>
          <line num="98" count="1" type="stmt"/>
        </file>
      </package>
      <package name="app.routes">
        <metrics statements="61" coveredstatements="28" conditionals="16" coveredconditionals="0" methods="14" coveredmethods="0"/>
        <file name="index.js" path="/Users/naeim/Documents/GitHub/fashionxproject/app/routes/index.js">
          <metrics statements="5" coveredstatements="4" conditionals="0" coveredconditionals="0" methods="1" coveredmethods="0"/>
          <line num="1" count="1" type="stmt"/>
          <line num="2" count="1" type="stmt"/>
          <line num="5" count="1" type="stmt"/>
          <line num="6" count="0" type="stmt"/>
          <line num="9" count="1" type="stmt"/>
        </file>
        <file name="influencers.js" path="/Users/naeim/Documents/GitHub/fashionxproject/app/routes/influencers.js">
          <metrics statements="44" coveredstatements="16" conditionals="16" coveredconditionals="0" methods="11" coveredmethods="0"/>
          <line num="1" count="1" type="stmt"/>
          <line num="2" count="1" type="stmt"/>
          <line num="3" count="1" type="stmt"/>
          <line num="4" count="1" type="stmt"/>
          <line num="5" count="1" type="stmt"/>
          <line num="7" count="1" type="stmt"/>
          <line num="8" count="1" type="stmt"/>
          <line num="10" count="1" type="stmt"/>
          <line num="16" count="1" type="stmt"/>
          <line num="17" count="0" type="cond" truecount="0" falsecount="2"/>
          <line num="18" count="0" type="stmt"/>
          <line num="20" count="0" type="stmt"/>
          <line num="26" count="1" type="stmt"/>
          <line num="27" count="0" type="cond" truecount="0" falsecount="2"/>
          <line num="28" count="0" type="stmt"/>
          <line num="30" count="0" type="stmt"/>
          <line num="37" count="1" type="stmt"/>
          <line num="38" count="0" type="cond" truecount="0" falsecount="2"/>
          <line num="39" count="0" type="stmt"/>
          <line num="41" count="0" type="stmt"/>
          <line num="42" count="0" type="cond" truecount="0" falsecount="2"/>
          <line num="43" count="0" type="stmt"/>
          <line num="44" count="0" type="stmt"/>
          <line num="47" count="0" type="stmt"/>
          <line num="55" count="1" type="stmt"/>
          <line num="56" count="0" type="stmt"/>
          <line num="64" count="1" type="stmt"/>
          <line num="65" count="0" type="stmt"/>
          <line num="67" count="0" type="cond" truecount="0" falsecount="4"/>
          <line num="68" count="0" type="stmt"/>
          <line num="69" count="0" type="stmt"/>
          <line num="70" count="0" type="cond" truecount="0" falsecount="2"/>
          <line num="71" count="0" type="stmt"/>
          <line num="72" count="0" type="stmt"/>
          <line num="75" count="0" type="stmt"/>
          <line num="79" count="0" type="stmt"/>
          <line num="86" count="1" type="stmt"/>
          <line num="87" count="0" type="cond" truecount="0" falsecount="2"/>
          <line num="88" count="0" type="stmt"/>
          <line num="89" count="0" type="stmt"/>
          <line num="91" count="0" type="stmt"/>
          <line num="98" count="1" type="stmt"/>
          <line num="99" count="0" type="stmt"/>
          <line num="102" count="1" type="stmt"/>
        </file>
        <file name="template.js" path="/Users/naeim/Documents/GitHub/fashionxproject/app/routes/template.js">
          <metrics statements="6" coveredstatements="4" conditionals="0" coveredconditionals="0" methods="1" coveredmethods="0"/>
          <line num="1" count="1" type="stmt"/>
          <line num="2" count="1" type="stmt"/>
          <line num="5" count="1" type="stmt"/>
          <line num="6" count="0" type="stmt"/>
          <line num="7" count="0" type="stmt"/>
          <line num="10" count="1" type="stmt"/>
        </file>
        <file name="users.js" path="/Users/naeim/Documents/GitHub/fashionxproject/app/routes/users.js">
          <metrics statements="6" coveredstatements="4" conditionals="0" coveredconditionals="0" methods="1" coveredmethods="0"/>
          <line num="1" count="1" type="stmt"/>
          <line num="2" count="1" type="stmt"/>
          <line num="5" count="1" type="stmt"/>
          <line num="6" count="0" type="stmt"/>
          <line num="7" count="0" type="stmt"/>
          <line num="10" count="1" type="stmt"/>
        </file>
      </package>
      <package name="app.util">
        <metrics statements="17" coveredstatements="9" conditionals="4" coveredconditionals="0" methods="2" coveredmethods="1"/>
        <file name="util.js" path="/Users/naeim/Documents/GitHub/fashionxproject/app/util/util.js">
          <metrics statements="17" coveredstatements="9" conditionals="4" coveredconditionals="0" methods="2" coveredmethods="1"/>
          <line num="1" count="5" type="stmt"/>
          <line num="2" count="5" type="stmt"/>
          <line num="3" count="5" type="stmt"/>
          <line num="5" count="5" type="stmt"/>
          <line num="6" count="0" type="cond" truecount="0" falsecount="2"/>
          <line num="7" count="0" type="stmt"/>
          <line num="9" count="0" type="stmt"/>
          <line num="10" count="0" type="stmt"/>
          <line num="11" count="0" type="stmt"/>
          <line num="12" count="0" type="cond" truecount="0" falsecount="2"/>
          <line num="13" count="0" type="stmt"/>
          <line num="16" count="0" type="stmt"/>
          <line num="19" count="5" type="stmt"/>
          <line num="20" count="7" type="stmt"/>
          <line num="21" count="7" type="stmt"/>
          <line num="24" count="5" type="stmt"/>
          <line num="46" count="5" type="stmt"/>
        </file>
      </package>
    </metrics>
  </project>
</coverage>
