{"/Users/naeim/Documents/GitHub/fashionxproject/app/app.js": {"path":"/Users/naeim/Documents/GitHub/fashionxproject/app/app.js","statementMap":{"0":{"start":{"line":2,"column":18},"end":{"line":2,"column":40}},"1":{"start":{"line":3,"column":14},"end":{"line":3,"column":32}},"2":{"start":{"line":4,"column":11},"end":{"line":4,"column":26}},"3":{"start":{"line":5,"column":19},"end":{"line":5,"column":43}},"4":{"start":{"line":6,"column":13},"end":{"line":6,"column":30}},"5":{"start":{"line":7,"column":15},"end":{"line":7,"column":34}},"6":{"start":{"line":10,"column":13},"end":{"line":10,"column":39}},"7":{"start":{"line":13,"column":18},"end":{"line":13,"column":43}},"8":{"start":{"line":14,"column":21},"end":{"line":14,"column":49}},"9":{"start":{"line":15,"column":18},"end":{"line":15,"column":43}},"10":{"start":{"line":16,"column":24},"end":{"line":16,"column":55}},"11":{"start":{"line":19,"column":10},"end":{"line":19,"column":19}},"12":{"start":{"line":22,"column":30},"end":{"line":22,"column":78}},"13":{"start":{"line":25,"column":0},"end":{"line":25,"column":48}},"14":{"start":{"line":26,"column":0},"end":{"line":26,"column":30}},"15":{"start":{"line":29,"column":0},"end":{"line":29,"column":23}},"16":{"start":{"line":30,"column":0},"end":{"line":30,"column":24}},"17":{"start":{"line":31,"column":0},"end":{"line":31,"column":49}},"18":{"start":{"line":32,"column":0},"end":{"line":32,"column":24}},"19":{"start":{"line":33,"column":0},"end":{"line":33,"column":56}},"20":{"start":{"line":36,"column":0},"end":{"line":40,"column":4}},"21":{"start":{"line":43,"column":0},"end":{"line":43,"column":31}},"22":{"start":{"line":44,"column":0},"end":{"line":44,"column":28}},"23":{"start":{"line":47,"column":0},"end":{"line":47,"column":35}},"24":{"start":{"line":50,"column":0},"end":{"line":50,"column":26}},"25":{"start":{"line":51,"column":0},"end":{"line":51,"column":37}},"26":{"start":{"line":52,"column":0},"end":{"line":52,"column":31}},"27":{"start":{"line":53,"column":0},"end":{"line":53,"column":43}},"28":{"start":{"line":56,"column":0},"end":{"line":58,"column":3}},"29":{"start":{"line":57,"column":2},"end":{"line":57,"column":25}},"30":{"start":{"line":61,"column":0},"end":{"line":69,"column":3}},"31":{"start":{"line":63,"column":2},"end":{"line":63,"column":35}},"32":{"start":{"line":64,"column":2},"end":{"line":64,"column":69}},"33":{"start":{"line":67,"column":2},"end":{"line":67,"column":32}},"34":{"start":{"line":68,"column":2},"end":{"line":68,"column":22}},"35":{"start":{"line":71,"column":0},"end":{"line":71,"column":21}}},"fnMap":{"0":{"name":"(anonymous_0)","decl":{"start":{"line":56,"column":8},"end":{"line":56,"column":9}},"loc":{"start":{"line":56,"column":33},"end":{"line":58,"column":1}},"line":56},"1":{"name":"(anonymous_1)","decl":{"start":{"line":61,"column":8},"end":{"line":61,"column":9}},"loc":{"start":{"line":61,"column":38},"end":{"line":69,"column":1}},"line":61}},"branchMap":{"0":{"loc":{"start":{"line":64,"column":21},"end":{"line":64,"column":68}},"type":"cond-expr","locations":[{"start":{"line":64,"column":60},"end":{"line":64,"column":63}},{"start":{"line":64,"column":66},"end":{"line":64,"column":68}}],"line":64},"1":{"loc":{"start":{"line":67,"column":13},"end":{"line":67,"column":30}},"type":"binary-expr","locations":[{"start":{"line":67,"column":13},"end":{"line":67,"column":23}},{"start":{"line":67,"column":27},"end":{"line":67,"column":30}}],"line":67}},"s":{"0":1,"1":1,"2":1,"3":1,"4":1,"5":1,"6":1,"7":1,"8":1,"9":1,"10":1,"11":1,"12":1,"13":1,"14":1,"15":1,"16":1,"17":1,"18":1,"19":1,"20":1,"21":1,"22":1,"23":1,"24":1,"25":1,"26":1,"27":1,"28":1,"29":0,"30":1,"31":0,"32":0,"33":0,"34":0,"35":1},"f":{"0":0,"1":0},"b":{"0":[0,0],"1":[0,0]},"_coverageSchema":"332fd63041d2c1bcb487cc26dd0d5f7d97098a6c","hash":"0a984eae3fe6b2516c6f1cddd1d5d27ee3797c19"}
,"/Users/naeim/Documents/GitHub/fashionxproject/app/config/config.js": {"path":"/Users/naeim/Documents/GitHub/fashionxproject/app/config/config.js","statementMap":{"0":{"start":{"line":1,"column":13},"end":{"line":1,"column":15}},"1":{"start":{"line":3,"column":0},"end":{"line":3,"column":45}},"2":{"start":{"line":4,"column":0},"end":{"line":4,"column":94}},"3":{"start":{"line":6,"column":0},"end":{"line":6,"column":91}},"4":{"start":{"line":8,"column":0},"end":{"line":8,"column":24}}},"fnMap":{},"branchMap":{},"s":{"0":5,"1":5,"2":5,"3":5,"4":5},"f":{},"b":{},"_coverageSchema":"332fd63041d2c1bcb487cc26dd0d5f7d97098a6c","hash":"7512b45f7c437a9272ae4373c1ad3269b854474c"}
,"/Users/naeim/Documents/GitHub/fashionxproject/app/controllers/authenticate-controller.js": {"path":"/Users/naeim/Documents/GitHub/fashionxproject/app/controllers/authenticate-controller.js","statementMap":{"0":{"start":{"line":1,"column":15},"end":{"line":1,"column":34}},"1":{"start":{"line":2,"column":20},"end":{"line":2,"column":54}},"2":{"start":{"line":3,"column":13},"end":{"line":3,"column":30}},"3":{"start":{"line":5,"column":29},"end":{"line":5,"column":77}},"4":{"start":{"line":7,"column":30},"end":{"line":7,"column":32}},"5":{"start":{"line":58,"column":0},"end":{"line":58,"column":41}}},"fnMap":{},"branchMap":{},"s":{"0":1,"1":1,"2":1,"3":1,"4":1,"5":1},"f":{},"b":{},"_coverageSchema":"332fd63041d2c1bcb487cc26dd0d5f7d97098a6c","hash":"b469bd29a0287eff2fc37dff36db33fbfd22acfe"}
,"/Users/naeim/Documents/GitHub/fashionxproject/app/controllers/credentials-controller.js": {"path":"/Users/naeim/Documents/GitHub/fashionxproject/app/controllers/credentials-controller.js","statementMap":{"0":{"start":{"line":2,"column":18},"end":{"line":2,"column":50}},"1":{"start":{"line":4,"column":29},"end":{"line":4,"column":31}},"2":{"start":{"line":11,"column":0},"end":{"line":13,"column":2}},"3":{"start":{"line":12,"column":4},"end":{"line":12,"column":51}},"4":{"start":{"line":19,"column":0},"end":{"line":21,"column":2}},"5":{"start":{"line":20,"column":4},"end":{"line":20,"column":40}},"6":{"start":{"line":27,"column":0},"end":{"line":29,"column":2}},"7":{"start":{"line":28,"column":4},"end":{"line":28,"column":54}},"8":{"start":{"line":35,"column":0},"end":{"line":37,"column":2}},"9":{"start":{"line":36,"column":4},"end":{"line":36,"column":38}},"10":{"start":{"line":43,"column":0},"end":{"line":45,"column":2}},"11":{"start":{"line":44,"column":4},"end":{"line":44,"column":52}},"12":{"start":{"line":53,"column":0},"end":{"line":55,"column":2}},"13":{"start":{"line":54,"column":4},"end":{"line":54,"column":57}},"14":{"start":{"line":62,"column":0},"end":{"line":64,"column":2}},"15":{"start":{"line":63,"column":4},"end":{"line":63,"column":80}},"16":{"start":{"line":69,"column":0},"end":{"line":71,"column":2}},"17":{"start":{"line":70,"column":4},"end":{"line":70,"column":51}},"18":{"start":{"line":73,"column":0},"end":{"line":73,"column":40}}},"fnMap":{"0":{"name":"(anonymous_0)","decl":{"start":{"line":11,"column":30},"end":{"line":11,"column":31}},"loc":{"start":{"line":11,"column":57},"end":{"line":13,"column":1}},"line":11},"1":{"name":"(anonymous_1)","decl":{"start":{"line":19,"column":32},"end":{"line":19,"column":33}},"loc":{"start":{"line":19,"column":46},"end":{"line":21,"column":1}},"line":19},"2":{"name":"(anonymous_2)","decl":{"start":{"line":27,"column":43},"end":{"line":27,"column":44}},"loc":{"start":{"line":27,"column":60},"end":{"line":29,"column":1}},"line":27},"3":{"name":"(anonymous_3)","decl":{"start":{"line":35,"column":30},"end":{"line":35,"column":31}},"loc":{"start":{"line":35,"column":44},"end":{"line":37,"column":1}},"line":35},"4":{"name":"(anonymous_4)","decl":{"start":{"line":43,"column":41},"end":{"line":43,"column":42}},"loc":{"start":{"line":43,"column":58},"end":{"line":45,"column":1}},"line":43},"5":{"name":"(anonymous_5)","decl":{"start":{"line":53,"column":32},"end":{"line":53,"column":33}},"loc":{"start":{"line":53,"column":63},"end":{"line":55,"column":1}},"line":53},"6":{"name":"(anonymous_6)","decl":{"start":{"line":62,"column":43},"end":{"line":62,"column":44}},"loc":{"start":{"line":62,"column":86},"end":{"line":64,"column":1}},"line":62},"7":{"name":"(anonymous_7)","decl":{"start":{"line":69,"column":38},"end":{"line":69,"column":39}},"loc":{"start":{"line":69,"column":57},"end":{"line":71,"column":1}},"line":69}},"branchMap":{},"s":{"0":3,"1":3,"2":3,"3":3,"4":3,"5":2,"6":3,"7":1,"8":3,"9":4,"10":3,"11":3,"12":3,"13":1,"14":3,"15":1,"16":3,"17":0,"18":3},"f":{"0":3,"1":2,"2":1,"3":4,"4":3,"5":1,"6":1,"7":0},"b":{},"_coverageSchema":"332fd63041d2c1bcb487cc26dd0d5f7d97098a6c","hash":"81138942c9bc652d06efad8a6f2767562659900d"}
,"/Users/naeim/Documents/GitHub/fashionxproject/app/controllers/post-controller.js": {"path":"/Users/naeim/Documents/GitHub/fashionxproject/app/controllers/post-controller.js","statementMap":{"0":{"start":{"line":2,"column":11},"end":{"line":2,"column":36}},"1":{"start":{"line":4,"column":22},"end":{"line":4,"column":24}},"2":{"start":{"line":9,"column":0},"end":{"line":23,"column":2}},"3":{"start":{"line":16,"column":4},"end":{"line":22,"column":6}},"4":{"start":{"line":29,"column":0},"end":{"line":31,"column":2}},"5":{"start":{"line":30,"column":4},"end":{"line":30,"column":37}},"6":{"start":{"line":37,"column":0},"end":{"line":39,"column":2}},"7":{"start":{"line":38,"column":4},"end":{"line":38,"column":31}},"8":{"start":{"line":45,"column":0},"end":{"line":47,"column":2}},"9":{"start":{"line":46,"column":4},"end":{"line":46,"column":33}},"10":{"start":{"line":53,"column":0},"end":{"line":67,"column":1}},"11":{"start":{"line":60,"column":4},"end":{"line":66,"column":6}},"12":{"start":{"line":69,"column":0},"end":{"line":83,"column":1}},"13":{"start":{"line":76,"column":4},"end":{"line":82,"column":6}},"14":{"start":{"line":85,"column":0},"end":{"line":85,"column":33}}},"fnMap":{"0":{"name":"(anonymous_0)","decl":{"start":{"line":9,"column":23},"end":{"line":9,"column":24}},"loc":{"start":{"line":15,"column":5},"end":{"line":23,"column":1}},"line":15},"1":{"name":"(anonymous_1)","decl":{"start":{"line":29,"column":26},"end":{"line":29,"column":27}},"loc":{"start":{"line":29,"column":43},"end":{"line":31,"column":1}},"line":29},"2":{"name":"(anonymous_2)","decl":{"start":{"line":37,"column":23},"end":{"line":37,"column":24}},"loc":{"start":{"line":37,"column":37},"end":{"line":39,"column":1}},"line":37},"3":{"name":"(anonymous_3)","decl":{"start":{"line":45,"column":25},"end":{"line":45,"column":26}},"loc":{"start":{"line":45,"column":38},"end":{"line":47,"column":1}},"line":45},"4":{"name":"(anonymous_4)","decl":{"start":{"line":53,"column":25},"end":{"line":53,"column":26}},"loc":{"start":{"line":59,"column":5},"end":{"line":67,"column":1}},"line":59},"5":{"name":"(anonymous_5)","decl":{"start":{"line":69,"column":29},"end":{"line":69,"column":30}},"loc":{"start":{"line":75,"column":5},"end":{"line":83,"column":1}},"line":75}},"branchMap":{},"s":{"0":1,"1":1,"2":1,"3":0,"4":1,"5":2,"6":1,"7":0,"8":1,"9":0,"10":1,"11":0,"12":1,"13":0,"14":1},"f":{"0":0,"1":2,"2":0,"3":0,"4":0,"5":0},"b":{},"_coverageSchema":"332fd63041d2c1bcb487cc26dd0d5f7d97098a6c","hash":"dd307bd302d414b0f433229ce92703d7b136c95c"}
,"/Users/naeim/Documents/GitHub/fashionxproject/app/controllers/profile-controller.js": {"path":"/Users/naeim/Documents/GitHub/fashionxproject/app/controllers/profile-controller.js","statementMap":{"0":{"start":{"line":2,"column":14},"end":{"line":2,"column":42}},"1":{"start":{"line":4,"column":25},"end":{"line":4,"column":27}},"2":{"start":{"line":9,"column":0},"end":{"line":33,"column":2}},"3":{"start":{"line":26,"column":4},"end":{"line":32,"column":6}},"4":{"start":{"line":39,"column":0},"end":{"line":41,"column":2}},"5":{"start":{"line":40,"column":4},"end":{"line":40,"column":34}},"6":{"start":{"line":47,"column":0},"end":{"line":50,"column":2}},"7":{"start":{"line":48,"column":18},"end":{"line":48,"column":55}},"8":{"start":{"line":49,"column":4},"end":{"line":49,"column":19}},"9":{"start":{"line":56,"column":0},"end":{"line":58,"column":2}},"10":{"start":{"line":57,"column":4},"end":{"line":57,"column":36}},"11":{"start":{"line":64,"column":0},"end":{"line":66,"column":2}},"12":{"start":{"line":65,"column":4},"end":{"line":65,"column":58}},"13":{"start":{"line":72,"column":0},"end":{"line":108,"column":1}},"14":{"start":{"line":90,"column":4},"end":{"line":107,"column":6}},"15":{"start":{"line":110,"column":0},"end":{"line":144,"column":1}},"16":{"start":{"line":127,"column":4},"end":{"line":143,"column":6}},"17":{"start":{"line":146,"column":0},"end":{"line":146,"column":36}}},"fnMap":{"0":{"name":"(anonymous_0)","decl":{"start":{"line":9,"column":26},"end":{"line":9,"column":27}},"loc":{"start":{"line":25,"column":5},"end":{"line":33,"column":1}},"line":25},"1":{"name":"(anonymous_1)","decl":{"start":{"line":39,"column":26},"end":{"line":39,"column":27}},"loc":{"start":{"line":39,"column":40},"end":{"line":41,"column":1}},"line":39},"2":{"name":"(anonymous_2)","decl":{"start":{"line":47,"column":33},"end":{"line":47,"column":34}},"loc":{"start":{"line":47,"column":50},"end":{"line":50,"column":1}},"line":47},"3":{"name":"(anonymous_3)","decl":{"start":{"line":56,"column":28},"end":{"line":56,"column":29}},"loc":{"start":{"line":56,"column":41},"end":{"line":58,"column":1}},"line":56},"4":{"name":"(anonymous_4)","decl":{"start":{"line":64,"column":35},"end":{"line":64,"column":36}},"loc":{"start":{"line":64,"column":52},"end":{"line":66,"column":1}},"line":64},"5":{"name":"(anonymous_5)","decl":{"start":{"line":72,"column":28},"end":{"line":72,"column":29}},"loc":{"start":{"line":89,"column":5},"end":{"line":108,"column":1}},"line":89},"6":{"name":"(anonymous_6)","decl":{"start":{"line":110,"column":35},"end":{"line":110,"column":36}},"loc":{"start":{"line":126,"column":5},"end":{"line":144,"column":1}},"line":126}},"branchMap":{},"s":{"0":3,"1":3,"2":3,"3":10,"4":3,"5":4,"6":3,"7":84,"8":84,"9":3,"10":1,"11":3,"12":1,"13":3,"14":2,"15":3,"16":1,"17":3},"f":{"0":10,"1":4,"2":84,"3":1,"4":1,"5":2,"6":1},"b":{},"_coverageSchema":"332fd63041d2c1bcb487cc26dd0d5f7d97098a6c","hash":"4b8dae666350147335e9983ba83e3b14a115f322"}
,"/Users/naeim/Documents/GitHub/fashionxproject/app/controllers/rights-controller.js": {"path":"/Users/naeim/Documents/GitHub/fashionxproject/app/controllers/rights-controller.js","statementMap":{"0":{"start":{"line":2,"column":13},"end":{"line":2,"column":40}},"1":{"start":{"line":4,"column":24},"end":{"line":4,"column":26}},"2":{"start":{"line":11,"column":0},"end":{"line":13,"column":2}},"3":{"start":{"line":12,"column":4},"end":{"line":12,"column":44}},"4":{"start":{"line":19,"column":0},"end":{"line":21,"column":2}},"5":{"start":{"line":20,"column":4},"end":{"line":20,"column":33}},"6":{"start":{"line":27,"column":0},"end":{"line":29,"column":2}},"7":{"start":{"line":28,"column":4},"end":{"line":28,"column":42}},"8":{"start":{"line":35,"column":0},"end":{"line":37,"column":2}},"9":{"start":{"line":36,"column":4},"end":{"line":36,"column":35}},"10":{"start":{"line":43,"column":0},"end":{"line":45,"column":2}},"11":{"start":{"line":44,"column":4},"end":{"line":44,"column":44}},"12":{"start":{"line":53,"column":0},"end":{"line":55,"column":2}},"13":{"start":{"line":54,"column":4},"end":{"line":54,"column":50}},"14":{"start":{"line":62,"column":0},"end":{"line":64,"column":2}},"15":{"start":{"line":63,"column":4},"end":{"line":63,"column":52}},"16":{"start":{"line":66,"column":0},"end":{"line":66,"column":35}}},"fnMap":{"0":{"name":"(anonymous_0)","decl":{"start":{"line":11,"column":25},"end":{"line":11,"column":26}},"loc":{"start":{"line":11,"column":49},"end":{"line":13,"column":1}},"line":11},"1":{"name":"(anonymous_1)","decl":{"start":{"line":19,"column":25},"end":{"line":19,"column":26}},"loc":{"start":{"line":19,"column":38},"end":{"line":21,"column":1}},"line":19},"2":{"name":"(anonymous_2)","decl":{"start":{"line":27,"column":31},"end":{"line":27,"column":32}},"loc":{"start":{"line":27,"column":48},"end":{"line":29,"column":1}},"line":27},"3":{"name":"(anonymous_3)","decl":{"start":{"line":35,"column":27},"end":{"line":35,"column":28}},"loc":{"start":{"line":35,"column":40},"end":{"line":37,"column":1}},"line":35},"4":{"name":"(anonymous_4)","decl":{"start":{"line":43,"column":33},"end":{"line":43,"column":34}},"loc":{"start":{"line":43,"column":50},"end":{"line":45,"column":1}},"line":43},"5":{"name":"(anonymous_5)","decl":{"start":{"line":53,"column":27},"end":{"line":53,"column":28}},"loc":{"start":{"line":53,"column":55},"end":{"line":55,"column":1}},"line":53},"6":{"name":"(anonymous_6)","decl":{"start":{"line":62,"column":33},"end":{"line":62,"column":34}},"loc":{"start":{"line":62,"column":58},"end":{"line":64,"column":1}},"line":62}},"branchMap":{},"s":{"0":1,"1":1,"2":1,"3":2,"4":1,"5":3,"6":1,"7":2,"8":1,"9":1,"10":1,"11":0,"12":1,"13":1,"14":1,"15":1,"16":1},"f":{"0":2,"1":3,"2":2,"3":1,"4":0,"5":1,"6":1},"b":{},"_coverageSchema":"332fd63041d2c1bcb487cc26dd0d5f7d97098a6c","hash":"0b7560c62a3915219c0c5a922621ceeb0967b472"}
,"/Users/naeim/Documents/GitHub/fashionxproject/app/controllers/signup-controller.js": {"path":"/Users/naeim/Documents/GitHub/fashionxproject/app/controllers/signup-controller.js","statementMap":{"0":{"start":{"line":3,"column":11},"end":{"line":3,"column":34}},"1":{"start":{"line":5,"column":25},"end":{"line":5,"column":56}},"2":{"start":{"line":6,"column":29},"end":{"line":6,"column":64}},"3":{"start":{"line":7,"column":24},"end":{"line":7,"column":26}},"4":{"start":{"line":9,"column":26},"end":{"line":9,"column":48}},"5":{"start":{"line":15,"column":0},"end":{"line":137,"column":2}},"6":{"start":{"line":16,"column":23},"end":{"line":16,"column":25}},"7":{"start":{"line":19,"column":23},"end":{"line":19,"column":91}},"8":{"start":{"line":20,"column":4},"end":{"line":22,"column":5}},"9":{"start":{"line":21,"column":8},"end":{"line":21,"column":69}},"10":{"start":{"line":24,"column":29},"end":{"line":135,"column":6}},"11":{"start":{"line":26,"column":8},"end":{"line":26,"column":66}},"12":{"start":{"line":27,"column":8},"end":{"line":29,"column":9}},"13":{"start":{"line":28,"column":12},"end":{"line":28,"column":81}},"14":{"start":{"line":32,"column":8},"end":{"line":34,"column":9}},"15":{"start":{"line":33,"column":12},"end":{"line":33,"column":77}},"16":{"start":{"line":37,"column":8},"end":{"line":39,"column":9}},"17":{"start":{"line":38,"column":12},"end":{"line":38,"column":78}},"18":{"start":{"line":42,"column":8},"end":{"line":48,"column":9}},"19":{"start":{"line":43,"column":12},"end":{"line":45,"column":13}},"20":{"start":{"line":44,"column":16},"end":{"line":44,"column":71}},"21":{"start":{"line":47,"column":12},"end":{"line":47,"column":67}},"22":{"start":{"line":51,"column":8},"end":{"line":55,"column":9}},"23":{"start":{"line":52,"column":12},"end":{"line":54,"column":13}},"24":{"start":{"line":53,"column":16},"end":{"line":53,"column":73}},"25":{"start":{"line":58,"column":8},"end":{"line":64,"column":9}},"26":{"start":{"line":59,"column":12},"end":{"line":61,"column":13}},"27":{"start":{"line":60,"column":16},"end":{"line":60,"column":83}},"28":{"start":{"line":63,"column":12},"end":{"line":63,"column":79}},"29":{"start":{"line":67,"column":8},"end":{"line":73,"column":9}},"30":{"start":{"line":68,"column":12},"end":{"line":70,"column":13}},"31":{"start":{"line":69,"column":16},"end":{"line":69,"column":83}},"32":{"start":{"line":72,"column":12},"end":{"line":72,"column":79}},"33":{"start":{"line":76,"column":8},"end":{"line":82,"column":9}},"34":{"start":{"line":77,"column":12},"end":{"line":79,"column":13}},"35":{"start":{"line":78,"column":16},"end":{"line":78,"column":77}},"36":{"start":{"line":81,"column":12},"end":{"line":81,"column":73}},"37":{"start":{"line":85,"column":31},"end":{"line":85,"column":46}},"38":{"start":{"line":86,"column":8},"end":{"line":88,"column":9}},"39":{"start":{"line":87,"column":12},"end":{"line":87,"column":77}},"40":{"start":{"line":91,"column":32},"end":{"line":91,"column":62}},"41":{"start":{"line":92,"column":8},"end":{"line":94,"column":9}},"42":{"start":{"line":93,"column":12},"end":{"line":93,"column":79}},"43":{"start":{"line":97,"column":8},"end":{"line":103,"column":9}},"44":{"start":{"line":98,"column":12},"end":{"line":100,"column":13}},"45":{"start":{"line":99,"column":16},"end":{"line":99,"column":75}},"46":{"start":{"line":102,"column":12},"end":{"line":102,"column":71}},"47":{"start":{"line":106,"column":8},"end":{"line":112,"column":9}},"48":{"start":{"line":107,"column":12},"end":{"line":109,"column":13}},"49":{"start":{"line":108,"column":16},"end":{"line":108,"column":73}},"50":{"start":{"line":111,"column":12},"end":{"line":111,"column":69}},"51":{"start":{"line":115,"column":32},"end":{"line":115,"column":112}},"52":{"start":{"line":116,"column":8},"end":{"line":118,"column":9}},"53":{"start":{"line":117,"column":12},"end":{"line":117,"column":79}},"54":{"start":{"line":121,"column":33},"end":{"line":121,"column":113}},"55":{"start":{"line":122,"column":8},"end":{"line":124,"column":9}},"56":{"start":{"line":123,"column":12},"end":{"line":123,"column":81}},"57":{"start":{"line":127,"column":8},"end":{"line":133,"column":9}},"58":{"start":{"line":128,"column":12},"end":{"line":130,"column":13}},"59":{"start":{"line":129,"column":16},"end":{"line":129,"column":85}},"60":{"start":{"line":132,"column":12},"end":{"line":132,"column":81}},"61":{"start":{"line":134,"column":8},"end":{"line":134,"column":30}},"62":{"start":{"line":136,"column":4},"end":{"line":136,"column":36}},"63":{"start":{"line":144,"column":0},"end":{"line":165,"column":2}},"64":{"start":{"line":145,"column":19},"end":{"line":161,"column":5}},"65":{"start":{"line":163,"column":4},"end":{"line":163,"column":71}},"66":{"start":{"line":164,"column":4},"end":{"line":164,"column":20}},"67":{"start":{"line":167,"column":0},"end":{"line":167,"column":35}}},"fnMap":{"0":{"name":"(anonymous_0)","decl":{"start":{"line":15,"column":29},"end":{"line":15,"column":30}},"loc":{"start":{"line":15,"column":48},"end":{"line":137,"column":1}},"line":15},"1":{"name":"(anonymous_1)","decl":{"start":{"line":24,"column":41},"end":{"line":24,"column":42}},"loc":{"start":{"line":24,"column":62},"end":{"line":135,"column":5}},"line":24},"2":{"name":"(anonymous_2)","decl":{"start":{"line":144,"column":27},"end":{"line":144,"column":28}},"loc":{"start":{"line":144,"column":46},"end":{"line":165,"column":1}},"line":144}},"branchMap":{"0":{"loc":{"start":{"line":19,"column":23},"end":{"line":19,"column":91}},"type":"cond-expr","locations":[{"start":{"line":19,"column":79},"end":{"line":19,"column":83}},{"start":{"line":19,"column":86},"end":{"line":19,"column":91}}],"line":19},"1":{"loc":{"start":{"line":20,"column":4},"end":{"line":22,"column":5}},"type":"if","locations":[{"start":{"line":20,"column":4},"end":{"line":22,"column":5}},{"start":{"line":20,"column":4},"end":{"line":22,"column":5}}],"line":20},"2":{"loc":{"start":{"line":27,"column":8},"end":{"line":29,"column":9}},"type":"if","locations":[{"start":{"line":27,"column":8},"end":{"line":29,"column":9}},{"start":{"line":27,"column":8},"end":{"line":29,"column":9}}],"line":27},"3":{"loc":{"start":{"line":27,"column":12},"end":{"line":27,"column":70}},"type":"binary-expr","locations":[{"start":{"line":27,"column":12},"end":{"line":27,"column":41}},{"start":{"line":27,"column":45},"end":{"line":27,"column":70}}],"line":27},"4":{"loc":{"start":{"line":32,"column":8},"end":{"line":34,"column":9}},"type":"if","locations":[{"start":{"line":32,"column":8},"end":{"line":34,"column":9}},{"start":{"line":32,"column":8},"end":{"line":34,"column":9}}],"line":32},"5":{"loc":{"start":{"line":37,"column":8},"end":{"line":39,"column":9}},"type":"if","locations":[{"start":{"line":37,"column":8},"end":{"line":39,"column":9}},{"start":{"line":37,"column":8},"end":{"line":39,"column":9}}],"line":37},"6":{"loc":{"start":{"line":42,"column":8},"end":{"line":48,"column":9}},"type":"if","locations":[{"start":{"line":42,"column":8},"end":{"line":48,"column":9}},{"start":{"line":42,"column":8},"end":{"line":48,"column":9}}],"line":42},"7":{"loc":{"start":{"line":43,"column":12},"end":{"line":45,"column":13}},"type":"if","locations":[{"start":{"line":43,"column":12},"end":{"line":45,"column":13}},{"start":{"line":43,"column":12},"end":{"line":45,"column":13}}],"line":43},"8":{"loc":{"start":{"line":51,"column":8},"end":{"line":55,"column":9}},"type":"if","locations":[{"start":{"line":51,"column":8},"end":{"line":55,"column":9}},{"start":{"line":51,"column":8},"end":{"line":55,"column":9}}],"line":51},"9":{"loc":{"start":{"line":52,"column":12},"end":{"line":54,"column":13}},"type":"if","locations":[{"start":{"line":52,"column":12},"end":{"line":54,"column":13}},{"start":{"line":52,"column":12},"end":{"line":54,"column":13}}],"line":52},"10":{"loc":{"start":{"line":58,"column":8},"end":{"line":64,"column":9}},"type":"if","locations":[{"start":{"line":58,"column":8},"end":{"line":64,"column":9}},{"start":{"line":58,"column":8},"end":{"line":64,"column":9}}],"line":58},"11":{"loc":{"start":{"line":59,"column":12},"end":{"line":61,"column":13}},"type":"if","locations":[{"start":{"line":59,"column":12},"end":{"line":61,"column":13}},{"start":{"line":59,"column":12},"end":{"line":61,"column":13}}],"line":59},"12":{"loc":{"start":{"line":67,"column":8},"end":{"line":73,"column":9}},"type":"if","locations":[{"start":{"line":67,"column":8},"end":{"line":73,"column":9}},{"start":{"line":67,"column":8},"end":{"line":73,"column":9}}],"line":67},"13":{"loc":{"start":{"line":68,"column":12},"end":{"line":70,"column":13}},"type":"if","locations":[{"start":{"line":68,"column":12},"end":{"line":70,"column":13}},{"start":{"line":68,"column":12},"end":{"line":70,"column":13}}],"line":68},"14":{"loc":{"start":{"line":68,"column":16},"end":{"line":68,"column":83}},"type":"binary-expr","locations":[{"start":{"line":68,"column":16},"end":{"line":68,"column":47}},{"start":{"line":68,"column":51},"end":{"line":68,"column":83}}],"line":68},"15":{"loc":{"start":{"line":76,"column":8},"end":{"line":82,"column":9}},"type":"if","locations":[{"start":{"line":76,"column":8},"end":{"line":82,"column":9}},{"start":{"line":76,"column":8},"end":{"line":82,"column":9}}],"line":76},"16":{"loc":{"start":{"line":77,"column":12},"end":{"line":79,"column":13}},"type":"if","locations":[{"start":{"line":77,"column":12},"end":{"line":79,"column":13}},{"start":{"line":77,"column":12},"end":{"line":79,"column":13}}],"line":77},"17":{"loc":{"start":{"line":86,"column":8},"end":{"line":88,"column":9}},"type":"if","locations":[{"start":{"line":86,"column":8},"end":{"line":88,"column":9}},{"start":{"line":86,"column":8},"end":{"line":88,"column":9}}],"line":86},"18":{"loc":{"start":{"line":86,"column":12},"end":{"line":86,"column":102}},"type":"binary-expr","locations":[{"start":{"line":86,"column":12},"end":{"line":86,"column":63}},{"start":{"line":86,"column":67},"end":{"line":86,"column":102}}],"line":86},"19":{"loc":{"start":{"line":92,"column":8},"end":{"line":94,"column":9}},"type":"if","locations":[{"start":{"line":92,"column":8},"end":{"line":94,"column":9}},{"start":{"line":92,"column":8},"end":{"line":94,"column":9}}],"line":92},"20":{"loc":{"start":{"line":92,"column":12},"end":{"line":92,"column":101}},"type":"binary-expr","locations":[{"start":{"line":92,"column":12},"end":{"line":92,"column":65}},{"start":{"line":92,"column":69},"end":{"line":92,"column":101}}],"line":92},"21":{"loc":{"start":{"line":97,"column":8},"end":{"line":103,"column":9}},"type":"if","locations":[{"start":{"line":97,"column":8},"end":{"line":103,"column":9}},{"start":{"line":97,"column":8},"end":{"line":103,"column":9}}],"line":97},"22":{"loc":{"start":{"line":98,"column":12},"end":{"line":100,"column":13}},"type":"if","locations":[{"start":{"line":98,"column":12},"end":{"line":100,"column":13}},{"start":{"line":98,"column":12},"end":{"line":100,"column":13}}],"line":98},"23":{"loc":{"start":{"line":106,"column":8},"end":{"line":112,"column":9}},"type":"if","locations":[{"start":{"line":106,"column":8},"end":{"line":112,"column":9}},{"start":{"line":106,"column":8},"end":{"line":112,"column":9}}],"line":106},"24":{"loc":{"start":{"line":107,"column":12},"end":{"line":109,"column":13}},"type":"if","locations":[{"start":{"line":107,"column":12},"end":{"line":109,"column":13}},{"start":{"line":107,"column":12},"end":{"line":109,"column":13}}],"line":107},"25":{"loc":{"start":{"line":116,"column":8},"end":{"line":118,"column":9}},"type":"if","locations":[{"start":{"line":116,"column":8},"end":{"line":118,"column":9}},{"start":{"line":116,"column":8},"end":{"line":118,"column":9}}],"line":116},"26":{"loc":{"start":{"line":116,"column":12},"end":{"line":116,"column":110}},"type":"binary-expr","locations":[{"start":{"line":116,"column":12},"end":{"line":116,"column":65}},{"start":{"line":116,"column":69},"end":{"line":116,"column":110}}],"line":116},"27":{"loc":{"start":{"line":122,"column":8},"end":{"line":124,"column":9}},"type":"if","locations":[{"start":{"line":122,"column":8},"end":{"line":124,"column":9}},{"start":{"line":122,"column":8},"end":{"line":124,"column":9}}],"line":122},"28":{"loc":{"start":{"line":122,"column":12},"end":{"line":122,"column":114}},"type":"binary-expr","locations":[{"start":{"line":122,"column":12},"end":{"line":122,"column":67}},{"start":{"line":122,"column":71},"end":{"line":122,"column":114}}],"line":122},"29":{"loc":{"start":{"line":127,"column":8},"end":{"line":133,"column":9}},"type":"if","locations":[{"start":{"line":127,"column":8},"end":{"line":133,"column":9}},{"start":{"line":127,"column":8},"end":{"line":133,"column":9}}],"line":127},"30":{"loc":{"start":{"line":128,"column":12},"end":{"line":130,"column":13}},"type":"if","locations":[{"start":{"line":128,"column":12},"end":{"line":130,"column":13}},{"start":{"line":128,"column":12},"end":{"line":130,"column":13}}],"line":128}},"s":{"0":2,"1":2,"2":2,"3":2,"4":2,"5":2,"6":82,"7":82,"8":82,"9":0,"10":82,"11":82,"12":82,"13":7,"14":82,"15":9,"16":82,"17":2,"18":82,"19":81,"20":4,"21":1,"22":82,"23":82,"24":3,"25":82,"26":81,"27":2,"28":1,"29":82,"30":81,"31":3,"32":1,"33":82,"34":81,"35":2,"36":1,"37":82,"38":82,"39":4,"40":82,"41":82,"42":4,"43":82,"44":81,"45":2,"46":1,"47":82,"48":81,"49":2,"50":1,"51":82,"52":82,"53":3,"54":82,"55":82,"56":3,"57":82,"58":82,"59":1,"60":0,"61":82,"62":82,"63":2,"64":0,"65":0,"66":0,"67":2},"f":{"0":82,"1":82,"2":0},"b":{"0":[0,82],"1":[0,82],"2":[7,75],"3":[82,75],"4":[9,73],"5":[2,80],"6":[81,1],"7":[4,77],"8":[82,0],"9":[3,79],"10":[81,1],"11":[2,79],"12":[81,1],"13":[3,78],"14":[81,79],"15":[81,1],"16":[2,79],"17":[4,78],"18":[82,78],"19":[4,78],"20":[82,78],"21":[81,1],"22":[2,79],"23":[81,1],"24":[2,79],"25":[3,79],"26":[82,79],"27":[3,79],"28":[82,79],"29":[82,0],"30":[1,81]},"_coverageSchema":"332fd63041d2c1bcb487cc26dd0d5f7d97098a6c","hash":"29cfe00a14ce6f95852d15c608cd93539d636254"}
,"/Users/naeim/Documents/GitHub/fashionxproject/app/models/Credentials.js": {"path":"/Users/naeim/Documents/GitHub/fashionxproject/app/models/Credentials.js","statementMap":{"0":{"start":{"line":2,"column":15},"end":{"line":2,"column":34}},"1":{"start":{"line":3,"column":13},"end":{"line":3,"column":30}},"2":{"start":{"line":4,"column":11},"end":{"line":4,"column":34}},"3":{"start":{"line":6,"column":0},"end":{"line":6,"column":15}},"4":{"start":{"line":9,"column":24},"end":{"line":19,"column":2}},"5":{"start":{"line":27,"column":0},"end":{"line":35,"column":2}},"6":{"start":{"line":28,"column":15},"end":{"line":28,"column":46}},"7":{"start":{"line":29,"column":22},"end":{"line":32,"column":6}},"8":{"start":{"line":33,"column":4},"end":{"line":33,"column":29}},"9":{"start":{"line":34,"column":4},"end":{"line":34,"column":23}},"10":{"start":{"line":41,"column":0},"end":{"line":44,"column":2}},"11":{"start":{"line":42,"column":22},"end":{"line":42,"column":52}},"12":{"start":{"line":43,"column":4},"end":{"line":43,"column":23}},"13":{"start":{"line":50,"column":0},"end":{"line":53,"column":2}},"14":{"start":{"line":51,"column":22},"end":{"line":51,"column":63}},"15":{"start":{"line":52,"column":4},"end":{"line":52,"column":23}},"16":{"start":{"line":59,"column":0},"end":{"line":62,"column":2}},"17":{"start":{"line":60,"column":22},"end":{"line":60,"column":61}},"18":{"start":{"line":61,"column":4},"end":{"line":61,"column":23}},"19":{"start":{"line":68,"column":0},"end":{"line":71,"column":2}},"20":{"start":{"line":69,"column":22},"end":{"line":69,"column":72}},"21":{"start":{"line":70,"column":4},"end":{"line":70,"column":23}},"22":{"start":{"line":79,"column":0},"end":{"line":86,"column":2}},"23":{"start":{"line":80,"column":15},"end":{"line":80,"column":46}},"24":{"start":{"line":81,"column":22},"end":{"line":84,"column":6}},"25":{"start":{"line":85,"column":4},"end":{"line":85,"column":23}},"26":{"start":{"line":93,"column":0},"end":{"line":100,"column":2}},"27":{"start":{"line":94,"column":15},"end":{"line":94,"column":46}},"28":{"start":{"line":95,"column":22},"end":{"line":98,"column":6}},"29":{"start":{"line":99,"column":4},"end":{"line":99,"column":23}},"30":{"start":{"line":106,"column":0},"end":{"line":113,"column":2}},"31":{"start":{"line":107,"column":15},"end":{"line":107,"column":63}},"32":{"start":{"line":108,"column":4},"end":{"line":111,"column":5}},"33":{"start":{"line":109,"column":21},"end":{"line":109,"column":74}},"34":{"start":{"line":110,"column":8},"end":{"line":110,"column":22}},"35":{"start":{"line":112,"column":4},"end":{"line":112,"column":17}},"36":{"start":{"line":118,"column":18},"end":{"line":118,"column":81}},"37":{"start":{"line":120,"column":0},"end":{"line":120,"column":29}}},"fnMap":{"0":{"name":"(anonymous_0)","decl":{"start":{"line":27,"column":33},"end":{"line":27,"column":34}},"loc":{"start":{"line":27,"column":60},"end":{"line":35,"column":1}},"line":27},"1":{"name":"(anonymous_1)","decl":{"start":{"line":41,"column":33},"end":{"line":41,"column":34}},"loc":{"start":{"line":41,"column":47},"end":{"line":44,"column":1}},"line":41},"2":{"name":"(anonymous_2)","decl":{"start":{"line":50,"column":44},"end":{"line":50,"column":45}},"loc":{"start":{"line":50,"column":61},"end":{"line":53,"column":1}},"line":50},"3":{"name":"(anonymous_3)","decl":{"start":{"line":59,"column":35},"end":{"line":59,"column":36}},"loc":{"start":{"line":59,"column":49},"end":{"line":62,"column":1}},"line":59},"4":{"name":"(anonymous_4)","decl":{"start":{"line":68,"column":46},"end":{"line":68,"column":47}},"loc":{"start":{"line":68,"column":63},"end":{"line":71,"column":1}},"line":68},"5":{"name":"(anonymous_5)","decl":{"start":{"line":79,"column":35},"end":{"line":79,"column":36}},"loc":{"start":{"line":79,"column":66},"end":{"line":86,"column":1}},"line":79},"6":{"name":"(anonymous_6)","decl":{"start":{"line":93,"column":46},"end":{"line":93,"column":47}},"loc":{"start":{"line":93,"column":89},"end":{"line":100,"column":1}},"line":93},"7":{"name":"(anonymous_7)","decl":{"start":{"line":106,"column":41},"end":{"line":106,"column":42}},"loc":{"start":{"line":106,"column":59},"end":{"line":113,"column":1}},"line":106}},"branchMap":{"0":{"loc":{"start":{"line":108,"column":4},"end":{"line":111,"column":5}},"type":"if","locations":[{"start":{"line":108,"column":4},"end":{"line":111,"column":5}},{"start":{"line":108,"column":4},"end":{"line":111,"column":5}}],"line":108}},"s":{"0":3,"1":3,"2":3,"3":3,"4":3,"5":3,"6":3,"7":3,"8":3,"9":3,"10":3,"11":4,"12":4,"13":3,"14":3,"15":3,"16":3,"17":2,"18":2,"19":3,"20":1,"21":1,"22":3,"23":1,"24":1,"25":1,"26":3,"27":1,"28":1,"29":1,"30":3,"31":0,"32":0,"33":0,"34":0,"35":0,"36":3,"37":3},"f":{"0":3,"1":4,"2":3,"3":2,"4":1,"5":1,"6":1,"7":0},"b":{"0":[0,0]},"_coverageSchema":"332fd63041d2c1bcb487cc26dd0d5f7d97098a6c","hash":"271fad7301a522b87a816870efd1b2ef2f022442"}
,"/Users/naeim/Documents/GitHub/fashionxproject/app/models/Post.js": {"path":"/Users/naeim/Documents/GitHub/fashionxproject/app/models/Post.js","statementMap":{"0":{"start":{"line":2,"column":15},"end":{"line":2,"column":34}},"1":{"start":{"line":3,"column":13},"end":{"line":3,"column":40}},"2":{"start":{"line":5,"column":0},"end":{"line":5,"column":150}},"3":{"start":{"line":8,"column":17},"end":{"line":33,"column":2}},"4":{"start":{"line":41,"column":0},"end":{"line":56,"column":2}},"5":{"start":{"line":47,"column":15},"end":{"line":53,"column":6}},"6":{"start":{"line":54,"column":4},"end":{"line":54,"column":22}},"7":{"start":{"line":55,"column":4},"end":{"line":55,"column":16}},"8":{"start":{"line":62,"column":0},"end":{"line":65,"column":2}},"9":{"start":{"line":63,"column":15},"end":{"line":63,"column":54}},"10":{"start":{"line":64,"column":4},"end":{"line":64,"column":16}},"11":{"start":{"line":71,"column":0},"end":{"line":74,"column":2}},"12":{"start":{"line":72,"column":15},"end":{"line":72,"column":38}},"13":{"start":{"line":73,"column":4},"end":{"line":73,"column":16}},"14":{"start":{"line":80,"column":0},"end":{"line":83,"column":2}},"15":{"start":{"line":81,"column":15},"end":{"line":81,"column":47}},"16":{"start":{"line":82,"column":4},"end":{"line":82,"column":16}},"17":{"start":{"line":89,"column":0},"end":{"line":104,"column":2}},"18":{"start":{"line":96,"column":15},"end":{"line":102,"column":6}},"19":{"start":{"line":103,"column":4},"end":{"line":103,"column":16}},"20":{"start":{"line":107,"column":11},"end":{"line":107,"column":53}},"21":{"start":{"line":109,"column":0},"end":{"line":109,"column":22}}},"fnMap":{"0":{"name":"(anonymous_0)","decl":{"start":{"line":41,"column":26},"end":{"line":41,"column":27}},"loc":{"start":{"line":46,"column":5},"end":{"line":56,"column":1}},"line":46},"1":{"name":"(anonymous_1)","decl":{"start":{"line":62,"column":29},"end":{"line":62,"column":30}},"loc":{"start":{"line":62,"column":46},"end":{"line":65,"column":1}},"line":62},"2":{"name":"(anonymous_2)","decl":{"start":{"line":71,"column":30},"end":{"line":71,"column":31}},"loc":{"start":{"line":71,"column":44},"end":{"line":74,"column":1}},"line":71},"3":{"name":"(anonymous_3)","decl":{"start":{"line":80,"column":28},"end":{"line":80,"column":29}},"loc":{"start":{"line":80,"column":42},"end":{"line":83,"column":1}},"line":80},"4":{"name":"(anonymous_4)","decl":{"start":{"line":89,"column":28},"end":{"line":89,"column":29}},"loc":{"start":{"line":95,"column":5},"end":{"line":104,"column":1}},"line":95}},"branchMap":{},"s":{"0":1,"1":1,"2":1,"3":1,"4":1,"5":0,"6":0,"7":0,"8":1,"9":2,"10":2,"11":1,"12":0,"13":0,"14":1,"15":0,"16":0,"17":1,"18":0,"19":0,"20":1,"21":1},"f":{"0":0,"1":2,"2":0,"3":0,"4":0},"b":{},"_coverageSchema":"332fd63041d2c1bcb487cc26dd0d5f7d97098a6c","hash":"c6e16d28466b74e0ff19b53d08d57144720b5ff0"}
,"/Users/naeim/Documents/GitHub/fashionxproject/app/models/Profile.js": {"path":"/Users/naeim/Documents/GitHub/fashionxproject/app/models/Profile.js","statementMap":{"0":{"start":{"line":2,"column":15},"end":{"line":2,"column":34}},"1":{"start":{"line":3,"column":11},"end":{"line":3,"column":34}},"2":{"start":{"line":5,"column":0},"end":{"line":5,"column":15}},"3":{"start":{"line":8,"column":20},"end":{"line":94,"column":2}},"4":{"start":{"line":102,"column":0},"end":{"line":138,"column":2}},"5":{"start":{"line":119,"column":18},"end":{"line":135,"column":6}},"6":{"start":{"line":136,"column":4},"end":{"line":136,"column":25}},"7":{"start":{"line":137,"column":4},"end":{"line":137,"column":19}},"8":{"start":{"line":144,"column":0},"end":{"line":147,"column":2}},"9":{"start":{"line":145,"column":18},"end":{"line":145,"column":44}},"10":{"start":{"line":146,"column":4},"end":{"line":146,"column":19}},"11":{"start":{"line":149,"column":0},"end":{"line":152,"column":2}},"12":{"start":{"line":150,"column":18},"end":{"line":150,"column":55}},"13":{"start":{"line":151,"column":4},"end":{"line":151,"column":19}},"14":{"start":{"line":158,"column":0},"end":{"line":161,"column":2}},"15":{"start":{"line":159,"column":18},"end":{"line":159,"column":53}},"16":{"start":{"line":160,"column":4},"end":{"line":160,"column":19}},"17":{"start":{"line":167,"column":0},"end":{"line":203,"column":2}},"18":{"start":{"line":185,"column":18},"end":{"line":201,"column":6}},"19":{"start":{"line":202,"column":4},"end":{"line":202,"column":19}},"20":{"start":{"line":205,"column":0},"end":{"line":240,"column":2}},"21":{"start":{"line":222,"column":18},"end":{"line":238,"column":6}},"22":{"start":{"line":239,"column":4},"end":{"line":239,"column":19}},"23":{"start":{"line":243,"column":14},"end":{"line":243,"column":65}},"24":{"start":{"line":245,"column":0},"end":{"line":245,"column":25}}},"fnMap":{"0":{"name":"(anonymous_0)","decl":{"start":{"line":102,"column":29},"end":{"line":102,"column":30}},"loc":{"start":{"line":118,"column":5},"end":{"line":138,"column":1}},"line":118},"1":{"name":"(anonymous_1)","decl":{"start":{"line":144,"column":29},"end":{"line":144,"column":30}},"loc":{"start":{"line":144,"column":43},"end":{"line":147,"column":1}},"line":144},"2":{"name":"(anonymous_2)","decl":{"start":{"line":149,"column":36},"end":{"line":149,"column":37}},"loc":{"start":{"line":149,"column":53},"end":{"line":152,"column":1}},"line":149},"3":{"name":"(anonymous_3)","decl":{"start":{"line":158,"column":31},"end":{"line":158,"column":32}},"loc":{"start":{"line":158,"column":45},"end":{"line":161,"column":1}},"line":158},"4":{"name":"(anonymous_4)","decl":{"start":{"line":167,"column":31},"end":{"line":167,"column":32}},"loc":{"start":{"line":184,"column":5},"end":{"line":203,"column":1}},"line":184},"5":{"name":"(anonymous_5)","decl":{"start":{"line":205,"column":38},"end":{"line":205,"column":39}},"loc":{"start":{"line":221,"column":5},"end":{"line":240,"column":1}},"line":221}},"branchMap":{},"s":{"0":3,"1":3,"2":3,"3":3,"4":3,"5":10,"6":10,"7":2,"8":3,"9":4,"10":4,"11":3,"12":0,"13":0,"14":3,"15":1,"16":1,"17":3,"18":2,"19":2,"20":3,"21":1,"22":1,"23":3,"24":3},"f":{"0":10,"1":4,"2":0,"3":1,"4":2,"5":1},"b":{},"_coverageSchema":"332fd63041d2c1bcb487cc26dd0d5f7d97098a6c","hash":"64cbe7ddc370afeb4fecf702c1a31b4a17722345"}
,"/Users/naeim/Documents/GitHub/fashionxproject/app/models/Rights.js": {"path":"/Users/naeim/Documents/GitHub/fashionxproject/app/models/Rights.js","statementMap":{"0":{"start":{"line":2,"column":15},"end":{"line":2,"column":34}},"1":{"start":{"line":3,"column":11},"end":{"line":3,"column":34}},"2":{"start":{"line":5,"column":0},"end":{"line":5,"column":15}},"3":{"start":{"line":8,"column":19},"end":{"line":17,"column":2}},"4":{"start":{"line":24,"column":0},"end":{"line":31,"column":2}},"5":{"start":{"line":25,"column":17},"end":{"line":28,"column":6}},"6":{"start":{"line":29,"column":4},"end":{"line":29,"column":24}},"7":{"start":{"line":30,"column":4},"end":{"line":30,"column":18}},"8":{"start":{"line":37,"column":0},"end":{"line":40,"column":2}},"9":{"start":{"line":38,"column":17},"end":{"line":38,"column":42}},"10":{"start":{"line":39,"column":4},"end":{"line":39,"column":18}},"11":{"start":{"line":46,"column":0},"end":{"line":49,"column":2}},"12":{"start":{"line":47,"column":17},"end":{"line":47,"column":53}},"13":{"start":{"line":48,"column":4},"end":{"line":48,"column":18}},"14":{"start":{"line":55,"column":0},"end":{"line":58,"column":2}},"15":{"start":{"line":56,"column":17},"end":{"line":56,"column":51}},"16":{"start":{"line":57,"column":4},"end":{"line":57,"column":18}},"17":{"start":{"line":64,"column":0},"end":{"line":67,"column":2}},"18":{"start":{"line":65,"column":17},"end":{"line":65,"column":62}},"19":{"start":{"line":66,"column":4},"end":{"line":66,"column":18}},"20":{"start":{"line":75,"column":0},"end":{"line":81,"column":2}},"21":{"start":{"line":76,"column":17},"end":{"line":79,"column":6}},"22":{"start":{"line":80,"column":4},"end":{"line":80,"column":18}},"23":{"start":{"line":88,"column":0},"end":{"line":94,"column":2}},"24":{"start":{"line":89,"column":17},"end":{"line":92,"column":6}},"25":{"start":{"line":93,"column":4},"end":{"line":93,"column":18}},"26":{"start":{"line":96,"column":13},"end":{"line":96,"column":61}},"27":{"start":{"line":98,"column":0},"end":{"line":98,"column":24}}},"fnMap":{"0":{"name":"(anonymous_0)","decl":{"start":{"line":24,"column":28},"end":{"line":24,"column":29}},"loc":{"start":{"line":24,"column":53},"end":{"line":31,"column":1}},"line":24},"1":{"name":"(anonymous_1)","decl":{"start":{"line":37,"column":28},"end":{"line":37,"column":29}},"loc":{"start":{"line":37,"column":42},"end":{"line":40,"column":1}},"line":37},"2":{"name":"(anonymous_2)","decl":{"start":{"line":46,"column":34},"end":{"line":46,"column":35}},"loc":{"start":{"line":46,"column":51},"end":{"line":49,"column":1}},"line":46},"3":{"name":"(anonymous_3)","decl":{"start":{"line":55,"column":30},"end":{"line":55,"column":31}},"loc":{"start":{"line":55,"column":44},"end":{"line":58,"column":1}},"line":55},"4":{"name":"(anonymous_4)","decl":{"start":{"line":64,"column":36},"end":{"line":64,"column":37}},"loc":{"start":{"line":64,"column":53},"end":{"line":67,"column":1}},"line":64},"5":{"name":"(anonymous_5)","decl":{"start":{"line":75,"column":30},"end":{"line":75,"column":31}},"loc":{"start":{"line":75,"column":59},"end":{"line":81,"column":1}},"line":75},"6":{"name":"(anonymous_6)","decl":{"start":{"line":88,"column":36},"end":{"line":88,"column":37}},"loc":{"start":{"line":88,"column":61},"end":{"line":94,"column":1}},"line":88}},"branchMap":{},"s":{"0":1,"1":1,"2":1,"3":1,"4":1,"5":2,"6":2,"7":2,"8":1,"9":3,"10":3,"11":1,"12":2,"13":2,"14":1,"15":1,"16":1,"17":1,"18":0,"19":0,"20":1,"21":1,"22":1,"23":1,"24":1,"25":1,"26":1,"27":1},"f":{"0":2,"1":3,"2":2,"3":1,"4":0,"5":1,"6":1},"b":{},"_coverageSchema":"332fd63041d2c1bcb487cc26dd0d5f7d97098a6c","hash":"482583bf5b7c69ff2d8d6d716e41dd0ea7f2c612"}
,"/Users/naeim/Documents/GitHub/fashionxproject/app/routes/index.js": {"path":"/Users/naeim/Documents/GitHub/fashionxproject/app/routes/index.js","statementMap":{"0":{"start":{"line":1,"column":14},"end":{"line":1,"column":32}},"1":{"start":{"line":2,"column":13},"end":{"line":2,"column":29}},"2":{"start":{"line":5,"column":0},"end":{"line":7,"column":3}},"3":{"start":{"line":6,"column":2},"end":{"line":6,"column":47}},"4":{"start":{"line":9,"column":0},"end":{"line":9,"column":24}}},"fnMap":{"0":{"name":"(anonymous_0)","decl":{"start":{"line":5,"column":16},"end":{"line":5,"column":17}},"loc":{"start":{"line":5,"column":41},"end":{"line":7,"column":1}},"line":5}},"branchMap":{},"s":{"0":1,"1":1,"2":1,"3":0,"4":1},"f":{"0":0},"b":{},"_coverageSchema":"332fd63041d2c1bcb487cc26dd0d5f7d97098a6c","hash":"401e305955916b8c14548516dd9de130a3fa799a"}
,"/Users/naeim/Documents/GitHub/fashionxproject/app/routes/influencers.js": {"path":"/Users/naeim/Documents/GitHub/fashionxproject/app/routes/influencers.js","statementMap":{"0":{"start":{"line":1,"column":14},"end":{"line":1,"column":32}},"1":{"start":{"line":2,"column":13},"end":{"line":2,"column":30}},"2":{"start":{"line":3,"column":13},"end":{"line":3,"column":29}},"3":{"start":{"line":4,"column":11},"end":{"line":4,"column":34}},"4":{"start":{"line":5,"column":15},"end":{"line":5,"column":34}},"5":{"start":{"line":7,"column":24},"end":{"line":7,"column":67}},"6":{"start":{"line":8,"column":22},"end":{"line":8,"column":63}},"7":{"start":{"line":10,"column":24},"end":{"line":10,"column":46}},"8":{"start":{"line":16,"column":0},"end":{"line":21,"column":3}},"9":{"start":{"line":17,"column":4},"end":{"line":19,"column":5}},"10":{"start":{"line":18,"column":8},"end":{"line":18,"column":42}},"11":{"start":{"line":20,"column":4},"end":{"line":20,"column":85}},"12":{"start":{"line":26,"column":0},"end":{"line":31,"column":3}},"13":{"start":{"line":27,"column":4},"end":{"line":29,"column":5}},"14":{"start":{"line":28,"column":8},"end":{"line":28,"column":42}},"15":{"start":{"line":30,"column":4},"end":{"line":30,"column":85}},"16":{"start":{"line":37,"column":0},"end":{"line":50,"column":3}},"17":{"start":{"line":38,"column":4},"end":{"line":40,"column":5}},"18":{"start":{"line":39,"column":8},"end":{"line":39,"column":60}},"19":{"start":{"line":41,"column":4},"end":{"line":49,"column":23}},"20":{"start":{"line":42,"column":8},"end":{"line":48,"column":9}},"21":{"start":{"line":43,"column":12},"end":{"line":45,"column":14}},"22":{"start":{"line":44,"column":16},"end":{"line":44,"column":57}},"23":{"start":{"line":47,"column":12},"end":{"line":47,"column":148}},"24":{"start":{"line":55,"column":0},"end":{"line":57,"column":3}},"25":{"start":{"line":56,"column":4},"end":{"line":56,"column":88}},"26":{"start":{"line":64,"column":0},"end":{"line":81,"column":3}},"27":{"start":{"line":65,"column":17},"end":{"line":65,"column":59}},"28":{"start":{"line":67,"column":4},"end":{"line":80,"column":5}},"29":{"start":{"line":68,"column":8},"end":{"line":68,"column":49}},"30":{"start":{"line":69,"column":8},"end":{"line":77,"column":27}},"31":{"start":{"line":70,"column":12},"end":{"line":76,"column":13}},"32":{"start":{"line":71,"column":16},"end":{"line":73,"column":18}},"33":{"start":{"line":72,"column":20},"end":{"line":72,"column":61}},"34":{"start":{"line":75,"column":16},"end":{"line":75,"column":152}},"35":{"start":{"line":79,"column":8},"end":{"line":79,"column":102}},"36":{"start":{"line":86,"column":0},"end":{"line":93,"column":3}},"37":{"start":{"line":87,"column":4},"end":{"line":92,"column":5}},"38":{"start":{"line":88,"column":20},"end":{"line":88,"column":65}},"39":{"start":{"line":89,"column":8},"end":{"line":89,"column":94}},"40":{"start":{"line":91,"column":8},"end":{"line":91,"column":43}},"41":{"start":{"line":98,"column":0},"end":{"line":100,"column":3}},"42":{"start":{"line":99,"column":4},"end":{"line":99,"column":60}},"43":{"start":{"line":102,"column":0},"end":{"line":102,"column":24}}},"fnMap":{"0":{"name":"(anonymous_0)","decl":{"start":{"line":16,"column":16},"end":{"line":16,"column":17}},"loc":{"start":{"line":16,"column":36},"end":{"line":21,"column":1}},"line":16},"1":{"name":"(anonymous_1)","decl":{"start":{"line":26,"column":21},"end":{"line":26,"column":22}},"loc":{"start":{"line":26,"column":41},"end":{"line":31,"column":1}},"line":26},"2":{"name":"(anonymous_2)","decl":{"start":{"line":37,"column":22},"end":{"line":37,"column":23}},"loc":{"start":{"line":37,"column":48},"end":{"line":50,"column":1}},"line":37},"3":{"name":"(anonymous_3)","decl":{"start":{"line":41,"column":35},"end":{"line":41,"column":36}},"loc":{"start":{"line":41,"column":56},"end":{"line":49,"column":5}},"line":41},"4":{"name":"(anonymous_4)","decl":{"start":{"line":43,"column":28},"end":{"line":43,"column":29}},"loc":{"start":{"line":43,"column":37},"end":{"line":45,"column":13}},"line":43},"5":{"name":"(anonymous_5)","decl":{"start":{"line":55,"column":22},"end":{"line":55,"column":23}},"loc":{"start":{"line":55,"column":42},"end":{"line":57,"column":1}},"line":55},"6":{"name":"(anonymous_6)","decl":{"start":{"line":64,"column":23},"end":{"line":64,"column":24}},"loc":{"start":{"line":64,"column":49},"end":{"line":81,"column":1}},"line":64},"7":{"name":"(anonymous_7)","decl":{"start":{"line":69,"column":39},"end":{"line":69,"column":40}},"loc":{"start":{"line":69,"column":60},"end":{"line":77,"column":9}},"line":69},"8":{"name":"(anonymous_8)","decl":{"start":{"line":71,"column":32},"end":{"line":71,"column":33}},"loc":{"start":{"line":71,"column":41},"end":{"line":73,"column":17}},"line":71},"9":{"name":"(anonymous_9)","decl":{"start":{"line":86,"column":20},"end":{"line":86,"column":21}},"loc":{"start":{"line":86,"column":46},"end":{"line":93,"column":1}},"line":86},"10":{"name":"(anonymous_10)","decl":{"start":{"line":98,"column":22},"end":{"line":98,"column":23}},"loc":{"start":{"line":98,"column":42},"end":{"line":100,"column":1}},"line":98}},"branchMap":{"0":{"loc":{"start":{"line":17,"column":4},"end":{"line":19,"column":5}},"type":"if","locations":[{"start":{"line":17,"column":4},"end":{"line":19,"column":5}},{"start":{"line":17,"column":4},"end":{"line":19,"column":5}}],"line":17},"1":{"loc":{"start":{"line":27,"column":4},"end":{"line":29,"column":5}},"type":"if","locations":[{"start":{"line":27,"column":4},"end":{"line":29,"column":5}},{"start":{"line":27,"column":4},"end":{"line":29,"column":5}}],"line":27},"2":{"loc":{"start":{"line":38,"column":4},"end":{"line":40,"column":5}},"type":"if","locations":[{"start":{"line":38,"column":4},"end":{"line":40,"column":5}},{"start":{"line":38,"column":4},"end":{"line":40,"column":5}}],"line":38},"3":{"loc":{"start":{"line":42,"column":8},"end":{"line":48,"column":9}},"type":"if","locations":[{"start":{"line":42,"column":8},"end":{"line":48,"column":9}},{"start":{"line":42,"column":8},"end":{"line":48,"column":9}}],"line":42},"4":{"loc":{"start":{"line":67,"column":4},"end":{"line":80,"column":5}},"type":"if","locations":[{"start":{"line":67,"column":4},"end":{"line":80,"column":5}},{"start":{"line":67,"column":4},"end":{"line":80,"column":5}}],"line":67},"5":{"loc":{"start":{"line":67,"column":8},"end":{"line":67,"column":73}},"type":"binary-expr","locations":[{"start":{"line":67,"column":8},"end":{"line":67,"column":40}},{"start":{"line":67,"column":44},"end":{"line":67,"column":73}}],"line":67},"6":{"loc":{"start":{"line":70,"column":12},"end":{"line":76,"column":13}},"type":"if","locations":[{"start":{"line":70,"column":12},"end":{"line":76,"column":13}},{"start":{"line":70,"column":12},"end":{"line":76,"column":13}}],"line":70},"7":{"loc":{"start":{"line":87,"column":4},"end":{"line":92,"column":5}},"type":"if","locations":[{"start":{"line":87,"column":4},"end":{"line":92,"column":5}},{"start":{"line":87,"column":4},"end":{"line":92,"column":5}}],"line":87}},"s":{"0":1,"1":1,"2":1,"3":1,"4":1,"5":1,"6":1,"7":1,"8":1,"9":0,"10":0,"11":0,"12":1,"13":0,"14":0,"15":0,"16":1,"17":0,"18":0,"19":0,"20":0,"21":0,"22":0,"23":0,"24":1,"25":0,"26":1,"27":0,"28":0,"29":0,"30":0,"31":0,"32":0,"33":0,"34":0,"35":0,"36":1,"37":0,"38":0,"39":0,"40":0,"41":1,"42":0,"43":1},"f":{"0":0,"1":0,"2":0,"3":0,"4":0,"5":0,"6":0,"7":0,"8":0,"9":0,"10":0},"b":{"0":[0,0],"1":[0,0],"2":[0,0],"3":[0,0],"4":[0,0],"5":[0,0],"6":[0,0],"7":[0,0]},"_coverageSchema":"332fd63041d2c1bcb487cc26dd0d5f7d97098a6c","hash":"527a3ff4c0e78953ee1b84e803e852501bd2e8df"}
,"/Users/naeim/Documents/GitHub/fashionxproject/app/routes/template.js": {"path":"/Users/naeim/Documents/GitHub/fashionxproject/app/routes/template.js","statementMap":{"0":{"start":{"line":1,"column":14},"end":{"line":1,"column":32}},"1":{"start":{"line":2,"column":13},"end":{"line":2,"column":29}},"2":{"start":{"line":5,"column":0},"end":{"line":8,"column":3}},"3":{"start":{"line":6,"column":2},"end":{"line":6,"column":54}},"4":{"start":{"line":7,"column":2},"end":{"line":7,"column":9}},"5":{"start":{"line":10,"column":0},"end":{"line":10,"column":24}}},"fnMap":{"0":{"name":"(anonymous_0)","decl":{"start":{"line":5,"column":16},"end":{"line":5,"column":17}},"loc":{"start":{"line":5,"column":41},"end":{"line":8,"column":1}},"line":5}},"branchMap":{},"s":{"0":1,"1":1,"2":1,"3":0,"4":0,"5":1},"f":{"0":0},"b":{},"_coverageSchema":"332fd63041d2c1bcb487cc26dd0d5f7d97098a6c","hash":"93a2c11755b982bdef3247dfd826c404c497eb44"}
,"/Users/naeim/Documents/GitHub/fashionxproject/app/routes/users.js": {"path":"/Users/naeim/Documents/GitHub/fashionxproject/app/routes/users.js","statementMap":{"0":{"start":{"line":1,"column":14},"end":{"line":1,"column":32}},"1":{"start":{"line":2,"column":13},"end":{"line":2,"column":29}},"2":{"start":{"line":5,"column":0},"end":{"line":8,"column":3}},"3":{"start":{"line":6,"column":16},"end":{"line":6,"column":18}},"4":{"start":{"line":7,"column":2},"end":{"line":7,"column":18}},"5":{"start":{"line":10,"column":0},"end":{"line":10,"column":24}}},"fnMap":{"0":{"name":"(anonymous_0)","decl":{"start":{"line":5,"column":16},"end":{"line":5,"column":17}},"loc":{"start":{"line":5,"column":41},"end":{"line":8,"column":1}},"line":5}},"branchMap":{},"s":{"0":1,"1":1,"2":1,"3":0,"4":0,"5":1},"f":{"0":0},"b":{},"_coverageSchema":"332fd63041d2c1bcb487cc26dd0d5f7d97098a6c","hash":"d691db914dd5b6e96d2a1b26534efd9f2eec1047"}
,"/Users/naeim/Documents/GitHub/fashionxproject/app/util/util.js": {"path":"/Users/naeim/Documents/GitHub/fashionxproject/app/util/util.js","statementMap":{"0":{"start":{"line":1,"column":11},"end":{"line":1,"column":13}},"1":{"start":{"line":2,"column":13},"end":{"line":2,"column":40}},"2":{"start":{"line":3,"column":15},"end":{"line":3,"column":34}},"3":{"start":{"line":5,"column":0},"end":{"line":17,"column":2}},"4":{"start":{"line":6,"column":4},"end":{"line":8,"column":5}},"5":{"start":{"line":7,"column":8},"end":{"line":7,"column":18}},"6":{"start":{"line":9,"column":14},"end":{"line":9,"column":42}},"7":{"start":{"line":10,"column":17},"end":{"line":10,"column":19}},"8":{"start":{"line":11,"column":4},"end":{"line":15,"column":5}},"9":{"start":{"line":12,"column":8},"end":{"line":14,"column":9}},"10":{"start":{"line":13,"column":12},"end":{"line":13,"column":47}},"11":{"start":{"line":16,"column":4},"end":{"line":16,"column":18}},"12":{"start":{"line":19,"column":0},"end":{"line":22,"column":2}},"13":{"start":{"line":20,"column":4},"end":{"line":20,"column":50}},"14":{"start":{"line":21,"column":4},"end":{"line":21,"column":188}},"15":{"start":{"line":24,"column":0},"end":{"line":44,"column":2}},"16":{"start":{"line":46,"column":0},"end":{"line":46,"column":22}}},"fnMap":{"0":{"name":"(anonymous_0)","decl":{"start":{"line":5,"column":28},"end":{"line":5,"column":29}},"loc":{"start":{"line":5,"column":53},"end":{"line":17,"column":1}},"line":5},"1":{"name":"(anonymous_1)","decl":{"start":{"line":19,"column":15},"end":{"line":19,"column":16}},"loc":{"start":{"line":19,"column":27},"end":{"line":22,"column":1}},"line":19}},"branchMap":{"0":{"loc":{"start":{"line":6,"column":4},"end":{"line":8,"column":5}},"type":"if","locations":[{"start":{"line":6,"column":4},"end":{"line":8,"column":5}},{"start":{"line":6,"column":4},"end":{"line":8,"column":5}}],"line":6},"1":{"loc":{"start":{"line":12,"column":8},"end":{"line":14,"column":9}},"type":"if","locations":[{"start":{"line":12,"column":8},"end":{"line":14,"column":9}},{"start":{"line":12,"column":8},"end":{"line":14,"column":9}}],"line":12}},"s":{"0":5,"1":5,"2":5,"3":5,"4":0,"5":0,"6":0,"7":0,"8":0,"9":0,"10":0,"11":0,"12":5,"13":7,"14":7,"15":5,"16":5},"f":{"0":0,"1":7},"b":{"0":[0,0],"1":[0,0]},"_coverageSchema":"332fd63041d2c1bcb487cc26dd0d5f7d97098a6c","hash":"25f5c5253af1db186ff4946e7268641650498dbf"}
}
