TN:
SF:/Users/naeim/Documents/GitHub/fashionxproject/app/app.js
FN:56,(anonymous_0)
FN:61,(anonymous_1)
FNF:2
FNH:0
FNDA:0,(anonymous_0)
FNDA:0,(anonymous_1)
DA:2,1
DA:3,1
DA:4,1
DA:5,1
DA:6,1
DA:7,1
DA:10,1
DA:13,1
DA:14,1
DA:15,1
DA:16,1
DA:19,1
DA:22,1
DA:25,1
DA:26,1
DA:29,1
DA:30,1
DA:31,1
DA:32,1
DA:33,1
DA:36,1
DA:43,1
DA:44,1
DA:47,1
DA:50,1
DA:51,1
DA:52,1
DA:53,1
DA:56,1
DA:57,0
DA:61,1
DA:63,0
DA:64,0
DA:67,0
DA:68,0
DA:71,1
LF:36
LH:31
BRDA:64,0,0,0
BRDA:64,0,1,0
BRDA:67,1,0,0
BRDA:67,1,1,0
BRF:4
BRH:0
end_of_record
TN:
SF:/Users/naeim/Documents/GitHub/fashionxproject/app/config/config.js
FNF:0
FNH:0
DA:1,5
DA:3,5
DA:4,5
DA:6,5
DA:8,5
LF:5
LH:5
BRF:0
BRH:0
end_of_record
TN:
SF:/Users/naeim/Documents/GitHub/fashionxproject/app/controllers/authenticate-controller.js
FNF:0
FNH:0
DA:1,1
DA:2,1
DA:3,1
DA:5,1
DA:7,1
DA:58,1
LF:6
LH:6
BRF:0
BRH:0
end_of_record
TN:
SF:/Users/naeim/Documents/GitHub/fashionxproject/app/controllers/credentials-controller.js
FN:11,(anonymous_0)
FN:19,(anonymous_1)
FN:27,(anonymous_2)
FN:35,(anonymous_3)
FN:43,(anonymous_4)
FN:53,(anonymous_5)
FN:62,(anonymous_6)
FN:69,(anonymous_7)
FNF:8
FNH:7
FNDA:3,(anonymous_0)
FNDA:2,(anonymous_1)
FNDA:1,(anonymous_2)
FNDA:4,(anonymous_3)
FNDA:3,(anonymous_4)
FNDA:1,(anonymous_5)
FNDA:1,(anonymous_6)
FNDA:0,(anonymous_7)
DA:2,3
DA:4,3
DA:11,3
DA:12,3
DA:19,3
DA:20,2
DA:27,3
DA:28,1
DA:35,3
DA:36,4
DA:43,3
DA:44,3
DA:53,3
DA:54,1
DA:62,3
DA:63,1
DA:69,3
DA:70,0
DA:73,3
LF:19
LH:18
BRF:0
BRH:0
end_of_record
TN:
SF:/Users/naeim/Documents/GitHub/fashionxproject/app/controllers/post-controller.js
FN:9,(anonymous_0)
FN:29,(anonymous_1)
FN:37,(anonymous_2)
FN:45,(anonymous_3)
FN:53,(anonymous_4)
FN:69,(anonymous_5)
FNF:6
FNH:1
FNDA:0,(anonymous_0)
FNDA:2,(anonymous_1)
FNDA:0,(anonymous_2)
FNDA:0,(anonymous_3)
FNDA:0,(anonymous_4)
FNDA:0,(anonymous_5)
DA:2,1
DA:4,1
DA:9,1
DA:16,0
DA:29,1
DA:30,2
DA:37,1
DA:38,0
DA:45,1
DA:46,0
DA:53,1
DA:60,0
DA:69,1
DA:76,0
DA:85,1
LF:15
LH:10
BRF:0
BRH:0
end_of_record
TN:
SF:/Users/naeim/Documents/GitHub/fashionxproject/app/controllers/profile-controller.js
FN:9,(anonymous_0)
FN:39,(anonymous_1)
FN:47,(anonymous_2)
FN:56,(anonymous_3)
FN:64,(anonymous_4)
FN:72,(anonymous_5)
FN:110,(anonymous_6)
FNF:7
FNH:7
FNDA:10,(anonymous_0)
FNDA:4,(anonymous_1)
FNDA:84,(anonymous_2)
FNDA:1,(anonymous_3)
FNDA:1,(anonymous_4)
FNDA:2,(anonymous_5)
FNDA:1,(anonymous_6)
DA:2,3
DA:4,3
DA:9,3
DA:26,10
DA:39,3
DA:40,4
DA:47,3
DA:48,84
DA:49,84
DA:56,3
DA:57,1
DA:64,3
DA:65,1
DA:72,3
DA:90,2
DA:110,3
DA:127,1
DA:146,3
LF:18
LH:18
BRF:0
BRH:0
end_of_record
TN:
SF:/Users/naeim/Documents/GitHub/fashionxproject/app/controllers/rights-controller.js
FN:11,(anonymous_0)
FN:19,(anonymous_1)
FN:27,(anonymous_2)
FN:35,(anonymous_3)
FN:43,(anonymous_4)
FN:53,(anonymous_5)
FN:62,(anonymous_6)
FNF:7
FNH:6
FNDA:2,(anonymous_0)
FNDA:3,(anonymous_1)
FNDA:2,(anonymous_2)
FNDA:1,(anonymous_3)
FNDA:0,(anonymous_4)
FNDA:1,(anonymous_5)
FNDA:1,(anonymous_6)
DA:2,1
DA:4,1
DA:11,1
DA:12,2
DA:19,1
DA:20,3
DA:27,1
DA:28,2
DA:35,1
DA:36,1
DA:43,1
DA:44,0
DA:53,1
DA:54,1
DA:62,1
DA:63,1
DA:66,1
LF:17
LH:16
BRF:0
BRH:0
end_of_record
TN:
SF:/Users/naeim/Documents/GitHub/fashionxproject/app/controllers/signup-controller.js
FN:15,(anonymous_0)
FN:24,(anonymous_1)
FN:144,(anonymous_2)
FNF:3
FNH:2
FNDA:82,(anonymous_0)
FNDA:82,(anonymous_1)
FNDA:0,(anonymous_2)
DA:3,2
DA:5,2
DA:6,2
DA:7,2
DA:9,2
DA:15,2
DA:16,82
DA:19,82
DA:20,82
DA:21,0
DA:24,82
DA:26,82
DA:27,82
DA:28,7
DA:32,82
DA:33,9
DA:37,82
DA:38,2
DA:42,82
DA:43,81
DA:44,4
DA:47,1
DA:51,82
DA:52,82
DA:53,3
DA:58,82
DA:59,81
DA:60,2
DA:63,1
DA:67,82
DA:68,81
DA:69,3
DA:72,1
DA:76,82
DA:77,81
DA:78,2
DA:81,1
DA:85,82
DA:86,82
DA:87,4
DA:91,82
DA:92,82
DA:93,4
DA:97,82
DA:98,81
DA:99,2
DA:102,1
DA:106,82
DA:107,81
DA:108,2
DA:111,1
DA:115,82
DA:116,82
DA:117,3
DA:121,82
DA:122,82
DA:123,3
DA:127,82
DA:128,82
DA:129,1
DA:132,0
DA:134,82
DA:136,82
DA:144,2
DA:145,0
DA:163,0
DA:164,0
DA:167,2
LF:68
LH:63
BRDA:19,0,0,0
BRDA:19,0,1,82
BRDA:20,1,0,0
BRDA:20,1,1,82
BRDA:27,2,0,7
BRDA:27,2,1,75
BRDA:27,3,0,82
BRDA:27,3,1,75
BRDA:32,4,0,9
BRDA:32,4,1,73
BRDA:37,5,0,2
BRDA:37,5,1,80
BRDA:42,6,0,81
BRDA:42,6,1,1
BRDA:43,7,0,4
BRDA:43,7,1,77
BRDA:51,8,0,82
BRDA:51,8,1,0
BRDA:52,9,0,3
BRDA:52,9,1,79
BRDA:58,10,0,81
BRDA:58,10,1,1
BRDA:59,11,0,2
BRDA:59,11,1,79
BRDA:67,12,0,81
BRDA:67,12,1,1
BRDA:68,13,0,3
BRDA:68,13,1,78
BRDA:68,14,0,81
BRDA:68,14,1,79
BRDA:76,15,0,81
BRDA:76,15,1,1
BRDA:77,16,0,2
BRDA:77,16,1,79
BRDA:86,17,0,4
BRDA:86,17,1,78
BRDA:86,18,0,82
BRDA:86,18,1,78
BRDA:92,19,0,4
BRDA:92,19,1,78
BRDA:92,20,0,82
BRDA:92,20,1,78
BRDA:97,21,0,81
BRDA:97,21,1,1
BRDA:98,22,0,2
BRDA:98,22,1,79
BRDA:106,23,0,81
BRDA:106,23,1,1
BRDA:107,24,0,2
BRDA:107,24,1,79
BRDA:116,25,0,3
BRDA:116,25,1,79
BRDA:116,26,0,82
BRDA:116,26,1,79
BRDA:122,27,0,3
BRDA:122,27,1,79
BRDA:122,28,0,82
BRDA:122,28,1,79
BRDA:127,29,0,82
BRDA:127,29,1,0
BRDA:128,30,0,1
BRDA:128,30,1,81
BRF:62
BRH:58
end_of_record
TN:
SF:/Users/naeim/Documents/GitHub/fashionxproject/app/models/Credentials.js
FN:27,(anonymous_0)
FN:41,(anonymous_1)
FN:50,(anonymous_2)
FN:59,(anonymous_3)
FN:68,(anonymous_4)
FN:79,(anonymous_5)
FN:93,(anonymous_6)
FN:106,(anonymous_7)
FNF:8
FNH:7
FNDA:3,(anonymous_0)
FNDA:4,(anonymous_1)
FNDA:3,(anonymous_2)
FNDA:2,(anonymous_3)
FNDA:1,(anonymous_4)
FNDA:1,(anonymous_5)
FNDA:1,(anonymous_6)
FNDA:0,(anonymous_7)
DA:2,3
DA:3,3
DA:4,3
DA:6,3
DA:9,3
DA:27,3
DA:28,3
DA:29,3
DA:33,3
DA:34,3
DA:41,3
DA:42,4
DA:43,4
DA:50,3
DA:51,3
DA:52,3
DA:59,3
DA:60,2
DA:61,2
DA:68,3
DA:69,1
DA:70,1
DA:79,3
DA:80,1
DA:81,1
DA:85,1
DA:93,3
DA:94,1
DA:95,1
DA:99,1
DA:106,3
DA:107,0
DA:108,0
DA:109,0
DA:110,0
DA:112,0
DA:118,3
DA:120,3
LF:38
LH:33
BRDA:108,0,0,0
BRDA:108,0,1,0
BRF:2
BRH:0
end_of_record
TN:
SF:/Users/naeim/Documents/GitHub/fashionxproject/app/models/Post.js
FN:41,(anonymous_0)
FN:62,(anonymous_1)
FN:71,(anonymous_2)
FN:80,(anonymous_3)
FN:89,(anonymous_4)
FNF:5
FNH:1
FNDA:0,(anonymous_0)
FNDA:2,(anonymous_1)
FNDA:0,(anonymous_2)
FNDA:0,(anonymous_3)
FNDA:0,(anonymous_4)
DA:2,1
DA:3,1
DA:5,1
DA:8,1
DA:41,1
DA:47,0
DA:54,0
DA:55,0
DA:62,1
DA:63,2
DA:64,2
DA:71,1
DA:72,0
DA:73,0
DA:80,1
DA:81,0
DA:82,0
DA:89,1
DA:96,0
DA:103,0
DA:107,1
DA:109,1
LF:22
LH:13
BRF:0
BRH:0
end_of_record
TN:
SF:/Users/naeim/Documents/GitHub/fashionxproject/app/models/Profile.js
FN:102,(anonymous_0)
FN:144,(anonymous_1)
FN:149,(anonymous_2)
FN:158,(anonymous_3)
FN:167,(anonymous_4)
FN:205,(anonymous_5)
FNF:6
FNH:5
FNDA:10,(anonymous_0)
FNDA:4,(anonymous_1)
FNDA:0,(anonymous_2)
FNDA:1,(anonymous_3)
FNDA:2,(anonymous_4)
FNDA:1,(anonymous_5)
DA:2,3
DA:3,3
DA:5,3
DA:8,3
DA:102,3
DA:119,10
DA:136,10
DA:137,2
DA:144,3
DA:145,4
DA:146,4
DA:149,3
DA:150,0
DA:151,0
DA:158,3
DA:159,1
DA:160,1
DA:167,3
DA:185,2
DA:202,2
DA:205,3
DA:222,1
DA:239,1
DA:243,3
DA:245,3
LF:25
LH:23
BRF:0
BRH:0
end_of_record
TN:
SF:/Users/naeim/Documents/GitHub/fashionxproject/app/models/Rights.js
FN:24,(anonymous_0)
FN:37,(anonymous_1)
FN:46,(anonymous_2)
FN:55,(anonymous_3)
FN:64,(anonymous_4)
FN:75,(anonymous_5)
FN:88,(anonymous_6)
FNF:7
FNH:6
FNDA:2,(anonymous_0)
FNDA:3,(anonymous_1)
FNDA:2,(anonymous_2)
FNDA:1,(anonymous_3)
FNDA:0,(anonymous_4)
FNDA:1,(anonymous_5)
FNDA:1,(anonymous_6)
DA:2,1
DA:3,1
DA:5,1
DA:8,1
DA:24,1
DA:25,2
DA:29,2
DA:30,2
DA:37,1
DA:38,3
DA:39,3
DA:46,1
DA:47,2
DA:48,2
DA:55,1
DA:56,1
DA:57,1
DA:64,1
DA:65,0
DA:66,0
DA:75,1
DA:76,1
DA:80,1
DA:88,1
DA:89,1
DA:93,1
DA:96,1
DA:98,1
LF:28
LH:26
BRF:0
BRH:0
end_of_record
TN:
SF:/Users/naeim/Documents/GitHub/fashionxproject/app/routes/index.js
FN:5,(anonymous_0)
FNF:1
FNH:0
FNDA:0,(anonymous_0)
DA:1,1
DA:2,1
DA:5,1
DA:6,0
DA:9,1
LF:5
LH:4
BRF:0
BRH:0
end_of_record
TN:
SF:/Users/naeim/Documents/GitHub/fashionxproject/app/routes/influencers.js
FN:16,(anonymous_0)
FN:26,(anonymous_1)
FN:37,(anonymous_2)
FN:41,(anonymous_3)
FN:43,(anonymous_4)
FN:55,(anonymous_5)
FN:64,(anonymous_6)
FN:69,(anonymous_7)
FN:71,(anonymous_8)
FN:86,(anonymous_9)
FN:98,(anonymous_10)
FNF:11
FNH:0
FNDA:0,(anonymous_0)
FNDA:0,(anonymous_1)
FNDA:0,(anonymous_2)
FNDA:0,(anonymous_3)
FNDA:0,(anonymous_4)
FNDA:0,(anonymous_5)
FNDA:0,(anonymous_6)
FNDA:0,(anonymous_7)
FNDA:0,(anonymous_8)
FNDA:0,(anonymous_9)
FNDA:0,(anonymous_10)
DA:1,1
DA:2,1
DA:3,1
DA:4,1
DA:5,1
DA:7,1
DA:8,1
DA:10,1
DA:16,1
DA:17,0
DA:18,0
DA:20,0
DA:26,1
DA:27,0
DA:28,0
DA:30,0
DA:37,1
DA:38,0
DA:39,0
DA:41,0
DA:42,0
DA:43,0
DA:44,0
DA:47,0
DA:55,1
DA:56,0
DA:64,1
DA:65,0
DA:67,0
DA:68,0
DA:69,0
DA:70,0
DA:71,0
DA:72,0
DA:75,0
DA:79,0
DA:86,1
DA:87,0
DA:88,0
DA:89,0
DA:91,0
DA:98,1
DA:99,0
DA:102,1
LF:44
LH:16
BRDA:17,0,0,0
BRDA:17,0,1,0
BRDA:27,1,0,0
BRDA:27,1,1,0
BRDA:38,2,0,0
BRDA:38,2,1,0
BRDA:42,3,0,0
BRDA:42,3,1,0
BRDA:67,4,0,0
BRDA:67,4,1,0
BRDA:67,5,0,0
BRDA:67,5,1,0
BRDA:70,6,0,0
BRDA:70,6,1,0
BRDA:87,7,0,0
BRDA:87,7,1,0
BRF:16
BRH:0
end_of_record
TN:
SF:/Users/naeim/Documents/GitHub/fashionxproject/app/routes/template.js
FN:5,(anonymous_0)
FNF:1
FNH:0
FNDA:0,(anonymous_0)
DA:1,1
DA:2,1
DA:5,1
DA:6,0
DA:7,0
DA:10,1
LF:6
LH:4
BRF:0
BRH:0
end_of_record
TN:
SF:/Users/naeim/Documents/GitHub/fashionxproject/app/routes/users.js
FN:5,(anonymous_0)
FNF:1
FNH:0
FNDA:0,(anonymous_0)
DA:1,1
DA:2,1
DA:5,1
DA:6,0
DA:7,0
DA:10,1
LF:6
LH:4
BRF:0
BRH:0
end_of_record
TN:
SF:/Users/naeim/Documents/GitHub/fashionxproject/app/util/util.js
FN:5,(anonymous_0)
FN:19,(anonymous_1)
FNF:2
FNH:1
FNDA:0,(anonymous_0)
FNDA:7,(anonymous_1)
DA:1,5
DA:2,5
DA:3,5
DA:5,5
DA:6,0
DA:7,0
DA:9,0
DA:10,0
DA:11,0
DA:12,0
DA:13,0
DA:16,0
DA:19,5
DA:20,7
DA:21,7
DA:24,5
DA:46,5
LF:17
LH:9
BRDA:6,0,0,0
BRDA:6,0,1,0
BRDA:12,1,0,0
BRDA:12,1,1,0
BRF:4
BRH:0
end_of_record
